<?xml version="1.0" encoding="utf-8"?>
<TestRun id="ebb76aed-2ea3-4f72-8d04-ff3a9bfb4a3b" name="offic@MSI 2026-08-31 17:37:45" runUser="MSI\offic" xmlns="http://microsoft.com/schemas/VisualStudio/TeamTest/2010">
  <Times creation="2026-08-31T17:37:45.4702613+02:00" queuing="2026-08-31T17:37:45.4702619+02:00" start="2026-08-31T17:37:44.8308518+02:00" finish="2026-08-31T17:38:01.8846773+02:00" />
  <TestSettings name="default" id="cb6228ed-0e42-4069-94eb-485fbca9fdef">
    <Deployment runDeploymentRoot="offic_MSI_2026-08-31_17_37_45" />
  </TestSettings>
  <Results>
    <UnitTestResult executionId="bc7531e0-829d-44fd-a435-4078c04f8399" testId="25068f73-8f7b-6f0e-93e8-a04d7be287d2" testName="IntegrationTests.UsersApiIntegrationTests.GetAllUsers_Returns_paged_users_when_authorized" computerName="MSI" duration="00:00:00.3689070" startTime="2026-08-31T17:37:47.7164232+02:00" endTime="2026-08-31T17:37:47.7164233+02:00" testType="13cdc9d9-ddb5-4fa4-a97d-d965ccfc6d4b" outcome="Passed" testListId="8c84fa94-04c1-424b-9868-57a2d4851a1d" relativeResultsDirectory="bc7531e0-829d-44fd-a435-4078c04f8399" />
    <UnitTestResult executionId="b4575d50-7042-424a-b054-e6b9131c37c1" testId="6b7b4f04-5ead-ba2a-d2ee-40af52d7813f" testName="IntegrationTests.ModuleArchitectureIntegrationTests.Every_module_handler_is_registered_in_dependency_injection" computerName="MSI" duration="00:00:00.0896218" startTime="2026-08-31T17:37:46.6074380+02:00" endTime="2026-08-31T17:37:46.6074382+02:00" testType="13cdc9d9-ddb5-4fa4-a97d-d965ccfc6d4b" outcome="Passed" testListId="8c84fa94-04c1-424b-9868-57a2d4851a1d" relativeResultsDirectory="b4575d50-7042-424a-b054-e6b9131c37c1" />
    <UnitTestResult executionId="13637949-fe6a-47c3-b172-b7950ae7a881" testId="6bae7cd9-28c6-045e-2c47-a1d7c4545106" testName="IntegrationTests.AuthApiIntegrationTests.ChangePassword_Returns_TooManyRequests_When_RateLimit_Exceeded" computerName="MSI" duration="00:00:00.5835110" startTime="2026-08-31T17:37:47.6118381+02:00" endTime="2026-08-31T17:37:47.6118384+02:00" testType="13cdc9d9-ddb5-4fa4-a97d-d965ccfc6d4b" outcome="Passed" testListId="8c84fa94-04c1-424b-9868-57a2d4851a1d" relativeResultsDirectory="13637949-fe6a-47c3-b172-b7950ae7a881" />
    <UnitTestResult executionId="992a471f-2fa4-40a4-a3bb-971510fdfa00" testId="db6b1b17-e697-4160-8df4-03db33ab995f" testName="IntegrationTests.PostgreSqlIntegrationTests.PostgreSql_allows_only_one_concurrent_pending_invitation_per_project_user" computerName="MSI" duration="00:00:00.0249562" startTime="2026-08-31T17:38:00.8361602+02:00" endTime="2026-08-31T17:38:00.8361603+02:00" testType="13cdc9d9-ddb5-4fa4-a97d-d965ccfc6d4b" outcome="Passed" testListId="8c84fa94-04c1-424b-9868-57a2d4851a1d" relativeResultsDirectory="992a471f-2fa4-40a4-a3bb-971510fdfa00" />
    <UnitTestResult executionId="3dc7efa6-45eb-4df0-9d8a-45c523086612" testId="6fd072d8-5d9b-252a-60e3-69b5cec06e9f" testName="IntegrationTests.ProjectTasksApiIntegrationTests.GetTask_returns_not_found_when_task_belongs_to_a_different_project" computerName="MSI" duration="00:00:00.1915909" startTime="2026-08-31T17:37:51.2108562+02:00" endTime="2026-08-31T17:37:51.2108563+02:00" testType="13cdc9d9-ddb5-4fa4-a97d-d965ccfc6d4b" outcome="Passed" testListId="8c84fa94-04c1-424b-9868-57a2d4851a1d" relativeResultsDirectory="3dc7efa6-45eb-4df0-9d8a-45c523086612" />
    <UnitTestResult executionId="49228786-dd62-4475-9738-29c543c32943" testId="4bc97ac4-ca3f-87ac-25ef-ca499f698f9c" testName="IntegrationTests.ProjectsApiIntegrationTests.GetProjects_Returns_unauthorized_when_token_is_missing" computerName="MSI" duration="00:00:00.0800913" startTime="2026-08-31T17:37:50.4728918+02:00" endTime="2026-08-31T17:37:50.4728922+02:00" testType="13cdc9d9-ddb5-4fa4-a97d-d965ccfc6d4b" outcome="Passed" testListId="8c84fa94-04c1-424b-9868-57a2d4851a1d" relativeResultsDirectory="49228786-dd62-4475-9738-29c543c32943" />
    <UnitTestResult executionId="f6156f09-5c1f-4e6b-8f13-929f40c23d94" testId="e343036b-1112-90cb-0690-bfe272cce8c6" testName="IntegrationTests.UsersApiIntegrationTests.GetUserSecurity_Returns_security_snapshot_for_authenticated_user" computerName="MSI" duration="00:00:01.6322004" startTime="2026-08-31T17:37:47.0299699+02:00" endTime="2026-08-31T17:37:47.0299701+02:00" testType="13cdc9d9-ddb5-4fa4-a97d-d965ccfc6d4b" outcome="Passed" testListId="8c84fa94-04c1-424b-9868-57a2d4851a1d" relativeResultsDirectory="f6156f09-5c1f-4e6b-8f13-929f40c23d94" />
    <UnitTestResult executionId="68840f18-a8c5-4b30-a84c-a05e36eaf9a5" testId="a6b21db1-e034-13cf-2017-e42b7f78b1e9" testName="IntegrationTests.AuthApiIntegrationTests.AuthenticatorManagement_Returns_TooManyRequests_When_RateLimit_Exceeded" computerName="MSI" duration="00:00:00.3001635" startTime="2026-08-31T17:37:48.6861600+02:00" endTime="2026-08-31T17:37:48.6861601+02:00" testType="13cdc9d9-ddb5-4fa4-a97d-d965ccfc6d4b" outcome="Passed" testListId="8c84fa94-04c1-424b-9868-57a2d4851a1d" relativeResultsDirectory="68840f18-a8c5-4b30-a84c-a05e36eaf9a5" />
    <UnitTestResult executionId="953b8759-f835-4105-85ca-7d4ea882842b" testId="48db0c85-da2b-80ff-c805-7c9e776e1236" testName="IntegrationTests.UsersApiIntegrationTests.GetAllUsers_Returns_unauthorized_when_token_is_missing" computerName="MSI" duration="00:00:00.0530396" startTime="2026-08-31T17:37:49.1268282+02:00" endTime="2026-08-31T17:37:49.1268284+02:00" testType="13cdc9d9-ddb5-4fa4-a97d-d965ccfc6d4b" outcome="Passed" testListId="8c84fa94-04c1-424b-9868-57a2d4851a1d" relativeResultsDirectory="953b8759-f835-4105-85ca-7d4ea882842b" />
    <UnitTestResult executionId="17371577-6ac3-4282-b2b0-ee6c294a8713" testId="ff91e1a8-e37c-2ae8-d3f5-9d66cb0b2390" testName="IntegrationTests.ProjectsApiIntegrationTests.Project_list_scopes_return_owned_and_active_member_projects" computerName="MSI" duration="00:00:00.4184921" startTime="2026-08-31T17:37:48.0867534+02:00" endTime="2026-08-31T17:37:48.0867537+02:00" testType="13cdc9d9-ddb5-4fa4-a97d-d965ccfc6d4b" outcome="Passed" testListId="8c84fa94-04c1-424b-9868-57a2d4851a1d" relativeResultsDirectory="17371577-6ac3-4282-b2b0-ee6c294a8713" />
    <UnitTestResult executionId="1b6ae53c-49bc-4ccd-ad29-66789196c555" testId="ad271932-54f7-4746-5dda-1ec99258a7a2" testName="IntegrationTests.AuthApiIntegrationTests.RefreshToken_Cannot_reuse_old_refresh_token_after_rotation" computerName="MSI" duration="00:00:00.2658715" startTime="2026-08-31T17:37:53.6293175+02:00" endTime="2026-08-31T17:37:53.6293177+02:00" testType="13cdc9d9-ddb5-4fa4-a97d-d965ccfc6d4b" outcome="Passed" testListId="8c84fa94-04c1-424b-9868-57a2d4851a1d" relativeResultsDirectory="1b6ae53c-49bc-4ccd-ad29-66789196c555" />
    <UnitTestResult executionId="2b896e66-f2a7-4bdd-a980-f20c4c05eeb0" testId="be07f6b7-cf7e-3cfb-d66a-7d9576f6c883" testName="IntegrationTests.AuthApiIntegrationTests.Me_Returns_unauthorized_when_token_is_missing" computerName="MSI" duration="00:00:00.0608928" startTime="2026-08-31T17:37:54.3339857+02:00" endTime="2026-08-31T17:37:54.3339860+02:00" testType="13cdc9d9-ddb5-4fa4-a97d-d965ccfc6d4b" outcome="Passed" testListId="8c84fa94-04c1-424b-9868-57a2d4851a1d" relativeResultsDirectory="2b896e66-f2a7-4bdd-a980-f20c4c05eeb0" />
    <UnitTestResult executionId="6e97c6a3-5bbf-4b7d-a902-e3c10b43d8f5" testId="eaefd841-33ec-7d3a-8bff-dd0a6c797ee8" testName="IntegrationTests.ProjectsApiIntegrationTests.Project_update_rejects_a_stale_concurrency_stamp" computerName="MSI" duration="00:00:00.2767928" startTime="2026-08-31T17:37:48.3642589+02:00" endTime="2026-08-31T17:37:48.3642592+02:00" testType="13cdc9d9-ddb5-4fa4-a97d-d965ccfc6d4b" outcome="Passed" testListId="8c84fa94-04c1-424b-9868-57a2d4851a1d" relativeResultsDirectory="6e97c6a3-5bbf-4b7d-a902-e3c10b43d8f5" />
    <UnitTestResult executionId="344fa285-7fe0-45fc-9730-b548b7b2b9ee" testId="a9c47830-ad11-13e7-2efd-adcc344a0d55" testName="IntegrationTests.AuthApiIntegrationTests.Login_Returns_TooManyRequests_When_RateLimit_Exceeded" computerName="MSI" duration="00:00:00.3087529" startTime="2026-08-31T17:37:53.3052294+02:00" endTime="2026-08-31T17:37:53.3052295+02:00" testType="13cdc9d9-ddb5-4fa4-a97d-d965ccfc6d4b" outcome="Passed" testListId="8c84fa94-04c1-424b-9868-57a2d4851a1d" relativeResultsDirectory="344fa285-7fe0-45fc-9730-b548b7b2b9ee" />
    <UnitTestResult executionId="73588193-068a-42f1-a077-c19f67a6ae25" testId="5159ae59-55d6-0606-fa54-aa7d4621cacc" testName="IntegrationTests.ProjectInvitationsApiIntegrationTests.Invalid_invitation_requests_return_bad_request_without_persistence" computerName="MSI" duration="00:00:00.2893992" startTime="2026-08-31T17:37:48.7165296+02:00" endTime="2026-08-31T17:37:48.7165297+02:00" testType="13cdc9d9-ddb5-4fa4-a97d-d965ccfc6d4b" outcome="Passed" testListId="8c84fa94-04c1-424b-9868-57a2d4851a1d" relativeResultsDirectory="73588193-068a-42f1-a077-c19f67a6ae25" />
    <UnitTestResult executionId="d4426865-8b7f-4d8f-8c3a-2899cea8f769" testId="93614048-bbd0-238f-e1d6-fa9c56ca3b5f" testName="IntegrationTests.AuthApiIntegrationTests.RefreshToken_Uses_current_user_role_after_role_change" computerName="MSI" duration="00:00:00.2007939" startTime="2026-08-31T17:37:52.7850109+02:00" endTime="2026-08-31T17:37:52.7850114+02:00" testType="13cdc9d9-ddb5-4fa4-a97d-d965ccfc6d4b" outcome="Passed" testListId="8c84fa94-04c1-424b-9868-57a2d4851a1d" relativeResultsDirectory="d4426865-8b7f-4d8f-8c3a-2899cea8f769" />
    <UnitTestResult executionId="97138ab8-5c01-4f48-93f2-79ed387d05ce" testId="e488976e-2e11-2a71-31ca-9a248f11d838" testName="IntegrationTests.ProjectsApiIntegrationTests.Project_dashboard_returns_task_metrics_and_due_date_lists" computerName="MSI" duration="00:00:00.4269715" startTime="2026-08-31T17:37:49.4361120+02:00" endTime="2026-08-31T17:37:49.4361121+02:00" testType="13cdc9d9-ddb5-4fa4-a97d-d965ccfc6d4b" outcome="Passed" testListId="8c84fa94-04c1-424b-9868-57a2d4851a1d" relativeResultsDirectory="97138ab8-5c01-4f48-93f2-79ed387d05ce" />
    <UnitTestResult executionId="47205025-2e7d-4f6a-9459-e229d0d0eb8e" testId="4ec95e67-e8f8-bf34-a0ac-894a26b531c4" testName="IntegrationTests.AuthApiIntegrationTests.Me_Returns_unauthorized_when_token_is_invalid" computerName="MSI" duration="00:00:00.0468184" startTime="2026-08-31T17:37:53.9423197+02:00" endTime="2026-08-31T17:37:53.9423199+02:00" testType="13cdc9d9-ddb5-4fa4-a97d-d965ccfc6d4b" outcome="Passed" testListId="8c84fa94-04c1-424b-9868-57a2d4851a1d" relativeResultsDirectory="47205025-2e7d-4f6a-9459-e229d0d0eb8e" />
    <UnitTestResult executionId="0d2f522c-5cf7-452d-b89e-48e900dc335a" testId="7d1f45b7-f45c-f01c-83fe-3c5b3b5933e7" testName="IntegrationTests.NotificationsApiIntegrationTests.GetNotifications_Returns_unauthorized_when_token_is_missing" computerName="MSI" duration="00:00:00.1164831" startTime="2026-08-31T17:37:47.6625894+02:00" endTime="2026-08-31T17:37:47.6625895+02:00" testType="13cdc9d9-ddb5-4fa4-a97d-d965ccfc6d4b" outcome="Passed" testListId="8c84fa94-04c1-424b-9868-57a2d4851a1d" relativeResultsDirectory="0d2f522c-5cf7-452d-b89e-48e900dc335a" />
    <UnitTestResult executionId="1f64d7b3-70a9-427b-ac3a-504d94d07819" testId="18102516-e59d-c3ab-f382-55fc70ca1e37" testName="IntegrationTests.ProjectTasksApiIntegrationTests.Members_can_discuss_tasks_while_viewers_and_outsiders_cannot_modify_comments" computerName="MSI" duration="00:00:00.6583282" startTime="2026-08-31T17:37:51.8696090+02:00" endTime="2026-08-31T17:37:51.8696091+02:00" testType="13cdc9d9-ddb5-4fa4-a97d-d965ccfc6d4b" outcome="Passed" testListId="8c84fa94-04c1-424b-9868-57a2d4851a1d" relativeResultsDirectory="1f64d7b3-70a9-427b-ac3a-504d94d07819" />
    <UnitTestResult executionId="32daa992-959b-43ee-8d68-21f7e4f1b4d8" testId="a26590a3-7836-7e17-38cd-441e685714d0" testName="IntegrationTests.AuthApiIntegrationTests.ResendConfirmation_Returns_generic_success_and_reissues_link" computerName="MSI" duration="00:00:00.1634310" startTime="2026-08-31T17:37:51.3982451+02:00" endTime="2026-08-31T17:37:51.3982453+02:00" testType="13cdc9d9-ddb5-4fa4-a97d-d965ccfc6d4b" outcome="Passed" testListId="8c84fa94-04c1-424b-9868-57a2d4851a1d" relativeResultsDirectory="32daa992-959b-43ee-8d68-21f7e4f1b4d8" />
    <UnitTestResult executionId="973f20a7-a7a4-48d1-8e62-6bf1102fffe6" testId="e385ab98-ffa0-ccf2-c50b-b812c30b6044" testName="IntegrationTests.AuthApiIntegrationTests.Authenticator_setup_confirm_and_login_flow_uses_totp_challenge" computerName="MSI" duration="00:00:00.4012206" startTime="2026-08-31T17:37:49.7912679+02:00" endTime="2026-08-31T17:37:49.7912681+02:00" testType="13cdc9d9-ddb5-4fa4-a97d-d965ccfc6d4b" outcome="Passed" testListId="8c84fa94-04c1-424b-9868-57a2d4851a1d" relativeResultsDirectory="973f20a7-a7a4-48d1-8e62-6bf1102fffe6" />
    <UnitTestResult executionId="f9a1b388-1d30-4a5c-b1a3-a5889afdcc00" testId="c036fedd-a4b7-d579-7f93-66da593b048a" testName="IntegrationTests.PostgreSqlIntegrationTests.PostgreSql_refresh_rotation_accepts_only_one_concurrent_successor" computerName="MSI" duration="00:00:00.0964984" startTime="2026-08-31T17:38:01.1568181+02:00" endTime="2026-08-31T17:38:01.1568183+02:00" testType="13cdc9d9-ddb5-4fa4-a97d-d965ccfc6d4b" outcome="Passed" testListId="8c84fa94-04c1-424b-9868-57a2d4851a1d" relativeResultsDirectory="f9a1b388-1d30-4a5c-b1a3-a5889afdcc00" />
    <UnitTestResult executionId="b1ccf850-9c7a-4f63-8143-048f4cb463fb" testId="13e0dfe4-0113-4b0b-e7a7-f411c38f0066" testName="IntegrationTests.ProjectTasksApiIntegrationTests.Task_delete_requires_a_concurrency_stamp" computerName="MSI" duration="00:00:00.2125300" startTime="2026-08-31T17:37:50.1169600+02:00" endTime="2026-08-31T17:37:50.1169603+02:00" testType="13cdc9d9-ddb5-4fa4-a97d-d965ccfc6d4b" outcome="Passed" testListId="8c84fa94-04c1-424b-9868-57a2d4851a1d" relativeResultsDirectory="b1ccf850-9c7a-4f63-8143-048f4cb463fb" />
    <UnitTestResult executionId="c743cfb6-afea-4b2a-99e1-267fe2950c97" testId="56fb8ffb-94e3-459f-01ba-40b18ff5eb8e" testName="IntegrationTests.ObservabilityIntegrationTests.Health_endpoints_report_liveness_and_readiness_with_a_correlation_id" computerName="MSI" duration="00:00:01.2615939" startTime="2026-08-31T17:37:46.6594850+02:00" endTime="2026-08-31T17:37:46.6594854+02:00" testType="13cdc9d9-ddb5-4fa4-a97d-d965ccfc6d4b" outcome="Passed" testListId="8c84fa94-04c1-424b-9868-57a2d4851a1d" relativeResultsDirectory="c743cfb6-afea-4b2a-99e1-267fe2950c97" />
    <UnitTestResult executionId="ac7faac8-ff27-4c14-83b2-0d7bf723580a" testId="4d2b2cce-a558-c7a5-7612-40490dc59f90" testName="IntegrationTests.ProjectTasksApiIntegrationTests.Task_status_update_rejects_a_stale_concurrency_stamp" computerName="MSI" duration="00:00:00.2072549" startTime="2026-08-31T17:37:52.8505827+02:00" endTime="2026-08-31T17:37:52.8505830+02:00" testType="13cdc9d9-ddb5-4fa4-a97d-d965ccfc6d4b" outcome="Passed" testListId="8c84fa94-04c1-424b-9868-57a2d4851a1d" relativeResultsDirectory="ac7faac8-ff27-4c14-83b2-0d7bf723580a" />
    <UnitTestResult executionId="210bceca-c4e7-492a-81fd-bba443f4a5b7" testId="5b2e59f4-9f3f-b89f-d06e-efdaea92f513" testName="IntegrationTests.ProjectsApiIntegrationTests.Project_owner_can_change_and_remove_member_with_task_unassignment" computerName="MSI" duration="00:00:00.3591545" startTime="2026-08-31T17:37:51.2972104+02:00" endTime="2026-08-31T17:37:51.2972108+02:00" testType="13cdc9d9-ddb5-4fa4-a97d-d965ccfc6d4b" outcome="Passed" testListId="8c84fa94-04c1-424b-9868-57a2d4851a1d" relativeResultsDirectory="210bceca-c4e7-492a-81fd-bba443f4a5b7" />
    <UnitTestResult executionId="e2b6534b-0a5c-430e-8ae8-719ef5b02a09" testId="b0e4891a-dcfa-781c-4e92-1852631414e4" testName="IntegrationTests.NotificationsApiIntegrationTests.Email_preference_controls_whether_new_notifications_are_queued_for_delivery" computerName="MSI" duration="00:00:01.8001345" startTime="2026-08-31T17:37:47.1979138+02:00" endTime="2026-08-31T17:37:47.1979139+02:00" testType="13cdc9d9-ddb5-4fa4-a97d-d965ccfc6d4b" outcome="Passed" testListId="8c84fa94-04c1-424b-9868-57a2d4851a1d" relativeResultsDirectory="e2b6534b-0a5c-430e-8ae8-719ef5b02a09" />
    <UnitTestResult executionId="be1604f7-dea4-4c5e-971f-0379975ca712" testId="23b9d394-3cd8-607d-443a-c9d74b393dd8" testName="IntegrationTests.UsersApiIntegrationTests.Delete_Removes_user_for_admin" computerName="MSI" duration="00:00:00.3641808" startTime="2026-08-31T17:37:49.4916116+02:00" endTime="2026-08-31T17:37:49.4916119+02:00" testType="13cdc9d9-ddb5-4fa4-a97d-d965ccfc6d4b" outcome="Passed" testListId="8c84fa94-04c1-424b-9868-57a2d4851a1d" relativeResultsDirectory="be1604f7-dea4-4c5e-971f-0379975ca712" />
    <UnitTestResult executionId="2807a618-3d7d-4664-99c1-da4044cbbc0b" testId="74220ea0-0e11-cae3-99db-9a992ebb9957" testName="IntegrationTests.UsersApiIntegrationTests.UpdateTwoFactor_Rejects_unconfirmed_email" computerName="MSI" duration="00:00:00.3092346" startTime="2026-08-31T17:37:48.0262719+02:00" endTime="2026-08-31T17:37:48.0262722+02:00" testType="13cdc9d9-ddb5-4fa4-a97d-d965ccfc6d4b" outcome="Passed" testListId="8c84fa94-04c1-424b-9868-57a2d4851a1d" relativeResultsDirectory="2807a618-3d7d-4664-99c1-da4044cbbc0b" />
    <UnitTestResult executionId="2feb0866-92c8-4ec8-85eb-c9aa5ed5da4a" testId="62b91893-456d-7554-61a8-276bd8439c5f" testName="IntegrationTests.PostgreSqlIntegrationTests.PostgreSql_task_creation_rolls_back_task_and_activity_when_notification_insert_fails" computerName="MSI" duration="00:00:00.0451698" startTime="2026-08-31T17:38:00.8107250+02:00" endTime="2026-08-31T17:38:00.8107254+02:00" testType="13cdc9d9-ddb5-4fa4-a97d-d965ccfc6d4b" outcome="Passed" testListId="8c84fa94-04c1-424b-9868-57a2d4851a1d" relativeResultsDirectory="2feb0866-92c8-4ec8-85eb-c9aa5ed5da4a" />
    <UnitTestResult executionId="ccea8cde-e808-4a6a-b876-05a9de81fcd1" testId="51f66480-e0a3-7682-b4e1-8ada32fd433a" testName="IntegrationTests.ProjectTasksApiIntegrationTests.Deleting_task_queues_all_attachment_files_for_cleanup" computerName="MSI" duration="00:00:00.3232389" startTime="2026-08-31T17:37:54.0423929+02:00" endTime="2026-08-31T17:37:54.0423930+02:00" testType="13cdc9d9-ddb5-4fa4-a97d-d965ccfc6d4b" outcome="Passed" testListId="8c84fa94-04c1-424b-9868-57a2d4851a1d" relativeResultsDirectory="ccea8cde-e808-4a6a-b876-05a9de81fcd1" />
    <UnitTestResult executionId="06d76d7d-ae30-4527-a66a-f5e50454f171" testId="b054dd9b-94c5-57e9-6b1a-1f6858f00f72" testName="IntegrationTests.AuthApiIntegrationTests.RefreshToken_Returns_unauthorized_when_user_is_deactivated_after_login" computerName="MSI" duration="00:00:00.2293680" startTime="2026-08-31T17:37:49.3896155+02:00" endTime="2026-08-31T17:37:49.3896159+02:00" testType="13cdc9d9-ddb5-4fa4-a97d-d965ccfc6d4b" outcome="Passed" testListId="8c84fa94-04c1-424b-9868-57a2d4851a1d" relativeResultsDirectory="06d76d7d-ae30-4527-a66a-f5e50454f171" />
    <UnitTestResult executionId="5d092494-12c2-44f0-ad3a-d5e57ecdcc27" testId="443f3246-b487-b61e-c6fd-ceb36e85ce8c" testName="IntegrationTests.UsersApiIntegrationTests.GetUserById_Returns_user_when_authorized_and_user_exists" computerName="MSI" duration="00:00:00.3154506" startTime="2026-08-31T17:37:48.6518145+02:00" endTime="2026-08-31T17:37:48.6518147+02:00" testType="13cdc9d9-ddb5-4fa4-a97d-d965ccfc6d4b" outcome="Passed" testListId="8c84fa94-04c1-424b-9868-57a2d4851a1d" relativeResultsDirectory="5d092494-12c2-44f0-ad3a-d5e57ecdcc27" />
    <UnitTestResult executionId="7f9d4ab4-b7f0-4390-84ad-af60501abeb5" testId="68f985cd-0816-15a1-4150-67fed9edfa75" testName="IntegrationTests.PostgreSqlIntegrationTests.PostgreSql_project_dashboard_due_date_query_uses_the_task_dashboard_index" computerName="MSI" duration="00:00:00.0112821" startTime="2026-08-31T17:38:00.5700735+02:00" endTime="2026-08-31T17:38:00.5700737+02:00" testType="13cdc9d9-ddb5-4fa4-a97d-d965ccfc6d4b" outcome="Passed" testListId="8c84fa94-04c1-424b-9868-57a2d4851a1d" relativeResultsDirectory="7f9d4ab4-b7f0-4390-84ad-af60501abeb5" />
    <UnitTestResult executionId="0c675fa6-4840-44f9-8281-541e3f8b22bd" testId="a79af490-c863-99f9-7b03-81af82d374f1" testName="IntegrationTests.PostgreSqlIntegrationTests.PostgreSql_readiness_reports_attachment_storage_as_healthy" computerName="MSI" duration="00:00:00.0163210" startTime="2026-08-31T17:38:01.0182308+02:00" endTime="2026-08-31T17:38:01.0182312+02:00" testType="13cdc9d9-ddb5-4fa4-a97d-d965ccfc6d4b" outcome="Passed" testListId="8c84fa94-04c1-424b-9868-57a2d4851a1d" relativeResultsDirectory="0c675fa6-4840-44f9-8281-541e3f8b22bd" />
    <UnitTestResult executionId="3a740fd5-2615-4c77-aed9-0c7ce5cd4189" testId="fe9856cf-5e44-af88-0fc2-0b558fd13d1a" testName="IntegrationTests.AuthApiIntegrationTests.VerifyToken_Returns_TooManyRequests_When_RateLimit_Exceeded" computerName="MSI" duration="00:00:00.0941392" startTime="2026-08-31T17:37:51.8183788+02:00" endTime="2026-08-31T17:37:51.8183790+02:00" testType="13cdc9d9-ddb5-4fa4-a97d-d965ccfc6d4b" outcome="Passed" testListId="8c84fa94-04c1-424b-9868-57a2d4851a1d" relativeResultsDirectory="3a740fd5-2615-4c77-aed9-0c7ce5cd4189" />
    <UnitTestResult executionId="5cd1d7ab-2383-4b25-ac87-5e0d7b3072aa" testId="2e33d2ae-a3ff-a770-9cb2-ace8298bad99" testName="IntegrationTests.AuthApiIntegrationTests.Login_Returns_standard_api_response_for_validation_errors" computerName="MSI" duration="00:00:00.0566853" startTime="2026-08-31T17:37:53.3624977+02:00" endTime="2026-08-31T17:37:53.3624981+02:00" testType="13cdc9d9-ddb5-4fa4-a97d-d965ccfc6d4b" outcome="Passed" testListId="8c84fa94-04c1-424b-9868-57a2d4851a1d" relativeResultsDirectory="5cd1d7ab-2383-4b25-ac87-5e0d7b3072aa" />
    <UnitTestResult executionId="78371649-d60f-454c-abbf-070099b31852" testId="43a82af2-2369-76b6-e209-999b4d2a3938" testName="IntegrationTests.ProjectTasksApiIntegrationTests.User_outside_project_cannot_see_project_members" computerName="MSI" duration="00:00:00.2406503" startTime="2026-08-31T17:37:52.6429801+02:00" endTime="2026-08-31T17:37:52.6429810+02:00" testType="13cdc9d9-ddb5-4fa4-a97d-d965ccfc6d4b" outcome="Passed" testListId="8c84fa94-04c1-424b-9868-57a2d4851a1d" relativeResultsDirectory="78371649-d60f-454c-abbf-070099b31852" />
    <UnitTestResult executionId="ea996bb4-68e1-43d1-9808-93d73f736655" testId="ced5dc40-4d1e-81d1-b93f-babb84905175" testName="IntegrationTests.AuthApiIntegrationTests.VerifyToken_Returns_unauthorized_when_token_is_invalid" computerName="MSI" duration="00:00:00.0498464" startTime="2026-08-31T17:37:52.5836150+02:00" endTime="2026-08-31T17:37:52.5836152+02:00" testType="13cdc9d9-ddb5-4fa4-a97d-d965ccfc6d4b" outcome="Passed" testListId="8c84fa94-04c1-424b-9868-57a2d4851a1d" relativeResultsDirectory="ea996bb4-68e1-43d1-9808-93d73f736655" />
    <UnitTestResult executionId="938995d9-2471-4543-93df-8aec7171715c" testId="deb83942-8b85-c603-e580-046df4a371d3" testName="IntegrationTests.AuthApiIntegrationTests.RefreshToken_Returns_bad_request_after_logout_clears_refresh_cookie" computerName="MSI" duration="00:00:00.1964443" startTime="2026-08-31T17:37:51.0159310+02:00" endTime="2026-08-31T17:37:51.0159312+02:00" testType="13cdc9d9-ddb5-4fa4-a97d-d965ccfc6d4b" outcome="Passed" testListId="8c84fa94-04c1-424b-9868-57a2d4851a1d" relativeResultsDirectory="938995d9-2471-4543-93df-8aec7171715c" />
    <UnitTestResult executionId="eb59b8fb-985a-4729-9aed-ae72594e8fe4" testId="9c7173fd-fb68-8f77-fc4d-f77a2c61048a" testName="IntegrationTests.ProjectsApiIntegrationTests.Project_activity_is_paged_and_hidden_from_users_without_project_access" computerName="MSI" duration="00:00:01.9326537" startTime="2026-08-31T17:37:47.3303025+02:00" endTime="2026-08-31T17:37:47.3303027+02:00" testType="13cdc9d9-ddb5-4fa4-a97d-d965ccfc6d4b" outcome="Passed" testListId="8c84fa94-04c1-424b-9868-57a2d4851a1d" relativeResultsDirectory="eb59b8fb-985a-4729-9aed-ae72594e8fe4" />
    <UnitTestResult executionId="9e186372-6dad-4025-badd-f67e773c556a" testId="abab3c1f-af1e-fdae-76f4-b4a6487b0ee9" testName="IntegrationTests.ProjectTasksApiIntegrationTests.User_cannot_get_project_task_details_for_an_inaccessible_project" computerName="MSI" duration="00:00:00.2764962" startTime="2026-08-31T17:37:48.4945534+02:00" endTime="2026-08-31T17:37:48.4945536+02:00" testType="13cdc9d9-ddb5-4fa4-a97d-d965ccfc6d4b" outcome="Passed" testListId="8c84fa94-04c1-424b-9868-57a2d4851a1d" relativeResultsDirectory="9e186372-6dad-4025-badd-f67e773c556a" />
    <UnitTestResult executionId="b8b1a9d8-af47-496c-adca-d7b16e6f2bad" testId="593bc094-a654-a63b-aa6c-d380e8ab6aa0" testName="IntegrationTests.ModuleArchitectureIntegrationTests.Attribute_routed_endpoints_do_not_duplicate_http_method_and_route" computerName="MSI" duration="00:00:01.0986079" startTime="2026-08-31T17:37:46.5176975+02:00" endTime="2026-08-31T17:37:46.5176976+02:00" testType="13cdc9d9-ddb5-4fa4-a97d-d965ccfc6d4b" outcome="Passed" testListId="8c84fa94-04c1-424b-9868-57a2d4851a1d" relativeResultsDirectory="b8b1a9d8-af47-496c-adca-d7b16e6f2bad" />
    <UnitTestResult executionId="ed5045f2-87d4-49f8-96c4-61b8d65cf582" testId="bbeefa30-05e9-a0ab-6035-ae87ea0085b6" testName="IntegrationTests.NotificationsApiIntegrationTests.Adding_member_and_assigning_task_create_one_notification_for_the_recipient" computerName="MSI" duration="00:00:00.3471288" startTime="2026-08-31T17:37:47.5456234+02:00" endTime="2026-08-31T17:37:47.5456235+02:00" testType="13cdc9d9-ddb5-4fa4-a97d-d965ccfc6d4b" outcome="Passed" testListId="8c84fa94-04c1-424b-9868-57a2d4851a1d" relativeResultsDirectory="ed5045f2-87d4-49f8-96c4-61b8d65cf582" />
    <UnitTestResult executionId="b31f2bf7-3bb3-44a2-959e-45eea507f702" testId="95083847-6435-a867-ec48-1e641b4976e3" testName="IntegrationTests.AuthApiIntegrationTests.RefreshToken_Returns_new_tokens_when_refresh_token_is_valid" computerName="MSI" duration="00:00:00.2087417" startTime="2026-08-31T17:37:50.5664027+02:00" endTime="2026-08-31T17:37:50.5664029+02:00" testType="13cdc9d9-ddb5-4fa4-a97d-d965ccfc6d4b" outcome="Passed" testListId="8c84fa94-04c1-424b-9868-57a2d4851a1d" relativeResultsDirectory="b31f2bf7-3bb3-44a2-959e-45eea507f702" />
    <UnitTestResult executionId="4275e2ad-4b00-4cf5-9b27-5989ece0c818" testId="c443b901-1a39-9cc3-54c2-7cd24a923f69" testName="IntegrationTests.ProjectsApiIntegrationTests.Inactive_project_member_does_not_make_a_project_visible" computerName="MSI" duration="00:00:00.3368341" startTime="2026-08-31T17:37:47.6676793+02:00" endTime="2026-08-31T17:37:47.6676795+02:00" testType="13cdc9d9-ddb5-4fa4-a97d-d965ccfc6d4b" outcome="Passed" testListId="8c84fa94-04c1-424b-9868-57a2d4851a1d" relativeResultsDirectory="4275e2ad-4b00-4cf5-9b27-5989ece0c818" />
    <UnitTestResult executionId="50a32a86-53f6-4b97-a5d1-7aaa80c5e530" testId="cad8e37a-b994-2dde-54bd-cd61a87b0679" testName="IntegrationTests.AuthApiIntegrationTests.Logout_Returns_unauthorized_when_access_token_is_missing" computerName="MSI" duration="00:00:00.0896029" startTime="2026-08-31T17:37:48.7765169+02:00" endTime="2026-08-31T17:37:48.7765171+02:00" testType="13cdc9d9-ddb5-4fa4-a97d-d965ccfc6d4b" outcome="Passed" testListId="8c84fa94-04c1-424b-9868-57a2d4851a1d" relativeResultsDirectory="50a32a86-53f6-4b97-a5d1-7aaa80c5e530" />
    <UnitTestResult executionId="cb3860e6-8080-4152-9701-ab5f3e627906" testId="b29187b3-f17d-a12a-281b-857843c5c59b" testName="IntegrationTests.ProjectTasksApiIntegrationTests.Active_member_can_see_project_members" computerName="MSI" duration="00:00:00.2506704" startTime="2026-08-31T17:37:48.2174909+02:00" endTime="2026-08-31T17:37:48.2174910+02:00" testType="13cdc9d9-ddb5-4fa4-a97d-d965ccfc6d4b" outcome="Passed" testListId="8c84fa94-04c1-424b-9868-57a2d4851a1d" relativeResultsDirectory="cb3860e6-8080-4152-9701-ab5f3e627906" />
    <UnitTestResult executionId="d2a53a01-1df9-48b4-8e05-50071b2bccc7" testId="e6f8fe32-d780-5ed6-95d7-b3d70ac29df8" testName="IntegrationTests.AuthApiIntegrationTests.PasswordReset_Rejects_the_previous_refresh_session" computerName="MSI" duration="00:00:00.2431280" startTime="2026-08-31T17:37:51.7237623+02:00" endTime="2026-08-31T17:37:51.7237627+02:00" testType="13cdc9d9-ddb5-4fa4-a97d-d965ccfc6d4b" outcome="Passed" testListId="8c84fa94-04c1-424b-9868-57a2d4851a1d" relativeResultsDirectory="d2a53a01-1df9-48b4-8e05-50071b2bccc7" />
    <UnitTestResult executionId="1b73fede-f2ef-4071-a183-ad8c4d8ca60d" testId="523fd63f-5fe8-9e98-80de-338d3a878a04" testName="IntegrationTests.ProjectTasksApiIntegrationTests.Project_task_changes_do_not_change_project_concurrency_stamp" computerName="MSI" duration="00:00:00.1839552" startTime="2026-08-31T17:37:49.8451105+02:00" endTime="2026-08-31T17:37:49.8451106+02:00" testType="13cdc9d9-ddb5-4fa4-a97d-d965ccfc6d4b" outcome="Passed" testListId="8c84fa94-04c1-424b-9868-57a2d4851a1d" relativeResultsDirectory="1b73fede-f2ef-4071-a183-ad8c4d8ca60d" />
    <UnitTestResult executionId="6874f69f-554b-4aab-9c11-ff23137b3d8b" testId="ba01c0fa-9067-6ad0-3022-77d79fa75282" testName="IntegrationTests.AuthApiIntegrationTests.RefreshToken_Allows_only_one_successor_for_concurrent_requests" computerName="MSI" duration="00:00:00.3166700" startTime="2026-08-31T17:37:47.9290019+02:00" endTime="2026-08-31T17:37:47.9290020+02:00" testType="13cdc9d9-ddb5-4fa4-a97d-d965ccfc6d4b" outcome="Passed" testListId="8c84fa94-04c1-424b-9868-57a2d4851a1d" relativeResultsDirectory="6874f69f-554b-4aab-9c11-ff23137b3d8b" />
    <UnitTestResult executionId="2091e299-7a61-4b41-a6c0-85049e28d5be" testId="5655d0a2-83cb-ec88-e7b2-ac459a490ac1" testName="IntegrationTests.ProjectTasksApiIntegrationTests.User_cannot_create_tasks_in_an_archived_project" computerName="MSI" duration="00:00:00.2218020" startTime="2026-08-31T17:37:53.0728139+02:00" endTime="2026-08-31T17:37:53.0728141+02:00" testType="13cdc9d9-ddb5-4fa4-a97d-d965ccfc6d4b" outcome="Passed" testListId="8c84fa94-04c1-424b-9868-57a2d4851a1d" relativeResultsDirectory="2091e299-7a61-4b41-a6c0-85049e28d5be" />
    <UnitTestResult executionId="c716994b-c293-4790-adfc-913e31a6740f" testId="1e48b09f-b133-11c0-dd72-960d6290ec30" testName="IntegrationTests.ProjectsApiIntegrationTests.Add_project_member_rejects_empty_user_identifier" computerName="MSI" duration="00:00:00.1727929" startTime="2026-08-31T17:37:51.4704591+02:00" endTime="2026-08-31T17:37:51.4704592+02:00" testType="13cdc9d9-ddb5-4fa4-a97d-d965ccfc6d4b" outcome="Passed" testListId="8c84fa94-04c1-424b-9868-57a2d4851a1d" relativeResultsDirectory="c716994b-c293-4790-adfc-913e31a6740f" />
    <UnitTestResult executionId="2db69069-5668-423f-b3d2-4eb120dcde8c" testId="163b93fa-efa4-4735-d8f0-ac53a8b91a03" testName="IntegrationTests.AuthApiIntegrationTests.RefreshToken_Returns_TooManyRequests_When_RateLimit_Exceeded" computerName="MSI" duration="00:00:00.0813636" startTime="2026-08-31T17:37:51.4802110+02:00" endTime="2026-08-31T17:37:51.4802112+02:00" testType="13cdc9d9-ddb5-4fa4-a97d-d965ccfc6d4b" outcome="Passed" testListId="8c84fa94-04c1-424b-9868-57a2d4851a1d" relativeResultsDirectory="2db69069-5668-423f-b3d2-4eb120dcde8c" />
    <UnitTestResult executionId="44307176-585d-4a65-9256-bc54a9fa9254" testId="c12de53c-a6a7-1e08-e6ff-e43a40af287c" testName="IntegrationTests.AuthApiIntegrationTests.ForgotPassword_Returns_TooManyRequests_When_RateLimit_Exceeded" computerName="MSI" duration="00:00:00.0692232" startTime="2026-08-31T17:37:52.2967016+02:00" endTime="2026-08-31T17:37:52.2967017+02:00" testType="13cdc9d9-ddb5-4fa4-a97d-d965ccfc6d4b" outcome="Passed" testListId="8c84fa94-04c1-424b-9868-57a2d4851a1d" relativeResultsDirectory="44307176-585d-4a65-9256-bc54a9fa9254" />
    <UnitTestResult executionId="9d8684f3-3a1c-4441-b173-02f8607e9b13" testId="0e64aabd-bf30-7b11-ad34-8075ae2a6e80" testName="IntegrationTests.ModuleArchitectureIntegrationTests.Module_controllers_and_handlers_do_not_depend_directly_on_application_db_context" computerName="MSI" duration="00:00:00.0166462" startTime="2026-08-31T17:37:45.4194109+02:00" endTime="2026-08-31T17:37:45.4194243+02:00" testType="13cdc9d9-ddb5-4fa4-a97d-d965ccfc6d4b" outcome="Passed" testListId="8c84fa94-04c1-424b-9868-57a2d4851a1d" relativeResultsDirectory="9d8684f3-3a1c-4441-b173-02f8607e9b13" />
    <UnitTestResult executionId="76c9c254-90a0-4f2a-b63d-1c2ad350b98f" testId="89fd3ee6-ff1c-0898-4045-e2c45d20c6c1" testName="IntegrationTests.UsersApiIntegrationTests.GetCount_Returns_user_count_for_admin" computerName="MSI" duration="00:00:00.3160319" startTime="2026-08-31T17:37:47.3468034+02:00" endTime="2026-08-31T17:37:47.3468039+02:00" testType="13cdc9d9-ddb5-4fa4-a97d-d965ccfc6d4b" outcome="Passed" testListId="8c84fa94-04c1-424b-9868-57a2d4851a1d" relativeResultsDirectory="76c9c254-90a0-4f2a-b63d-1c2ad350b98f" />
    <UnitTestResult executionId="3019ebb2-21e7-4c81-a3cf-2c0ab62907fc" testId="6b5024a4-7321-3abb-8f6f-b514f484a541" testName="IntegrationTests.ProjectTasksApiIntegrationTests.Viewer_cannot_change_project_task_status" computerName="MSI" duration="00:00:00.3255257" startTime="2026-08-31T17:37:50.4430186+02:00" endTime="2026-08-31T17:37:50.4430188+02:00" testType="13cdc9d9-ddb5-4fa4-a97d-d965ccfc6d4b" outcome="Passed" testListId="8c84fa94-04c1-424b-9868-57a2d4851a1d" relativeResultsDirectory="3019ebb2-21e7-4c81-a3cf-2c0ab62907fc" />
    <UnitTestResult executionId="8f08bfad-eb30-4abc-b41e-8f3a1e923141" testId="090ed143-e29e-87d6-ed7c-300def05ab6f" testName="IntegrationTests.PostgreSqlIntegrationTests.PostgreSql_attachment_store_enforces_count_and_byte_quotas" computerName="MSI" duration="00:00:00.0435786" startTime="2026-08-31T17:38:00.8801831+02:00" endTime="2026-08-31T17:38:00.8801833+02:00" testType="13cdc9d9-ddb5-4fa4-a97d-d965ccfc6d4b" outcome="Passed" testListId="8c84fa94-04c1-424b-9868-57a2d4851a1d" relativeResultsDirectory="8f08bfad-eb30-4abc-b41e-8f3a1e923141" />
    <UnitTestResult executionId="e12436c2-d032-491f-ae29-d2cebcfd69be" testId="9a55dc36-3487-54a9-5f74-0ff2b60ea786" testName="IntegrationTests.ProjectTasksApiIntegrationTests.Attachment_upload_rejects_invalid_extension_content_type_and_size" computerName="MSI" duration="00:00:00.4554574" startTime="2026-08-31T17:37:53.7187947+02:00" endTime="2026-08-31T17:37:53.7187948+02:00" testType="13cdc9d9-ddb5-4fa4-a97d-d965ccfc6d4b" outcome="Passed" testListId="8c84fa94-04c1-424b-9868-57a2d4851a1d" relativeResultsDirectory="e12436c2-d032-491f-ae29-d2cebcfd69be" />
    <UnitTestResult executionId="077f069a-4a11-4e50-b852-c8e7d48e0db7" testId="327798aa-6802-4253-68e7-7388921259f7" testName="IntegrationTests.AuthApiIntegrationTests.Login_Returns_two_factor_challenge_when_email_2fa_is_enabled" computerName="MSI" duration="00:00:01.5437972" startTime="2026-08-31T17:37:46.9416408+02:00" endTime="2026-08-31T17:37:46.9416411+02:00" testType="13cdc9d9-ddb5-4fa4-a97d-d965ccfc6d4b" outcome="Passed" testListId="8c84fa94-04c1-424b-9868-57a2d4851a1d" relativeResultsDirectory="077f069a-4a11-4e50-b852-c8e7d48e0db7" />
    <UnitTestResult executionId="9d1db519-514e-4188-a0c4-343c97961ad2" testId="8596214f-161a-5574-98ad-8945d0bca73f" testName="IntegrationTests.ProjectTasksApiIntegrationTests.Task_update_rejects_a_stale_concurrency_stamp" computerName="MSI" duration="00:00:00.2274460" startTime="2026-08-31T17:37:55.1436425+02:00" endTime="2026-08-31T17:37:55.1436427+02:00" testType="13cdc9d9-ddb5-4fa4-a97d-d965ccfc6d4b" outcome="Passed" testListId="8c84fa94-04c1-424b-9868-57a2d4851a1d" relativeResultsDirectory="9d1db519-514e-4188-a0c4-343c97961ad2" />
    <UnitTestResult executionId="ea357ffb-0db4-4c6d-9002-b46d56ee6ce3" testId="cf9e8802-662d-285c-5bd5-3957827b08cf" testName="IntegrationTests.PostgreSqlIntegrationTests.PostgreSql_task_deletion_rolls_back_cleanup_and_metadata_when_cleanup_insert_fails" computerName="MSI" duration="00:00:00.1720138" startTime="2026-08-31T17:38:00.5047958+02:00" endTime="2026-08-31T17:38:00.5047959+02:00" testType="13cdc9d9-ddb5-4fa4-a97d-d965ccfc6d4b" outcome="Passed" testListId="8c84fa94-04c1-424b-9868-57a2d4851a1d" relativeResultsDirectory="ea357ffb-0db4-4c6d-9002-b46d56ee6ce3" />
    <UnitTestResult executionId="4b694102-e7eb-4f46-b70a-4bfa0b05cace" testId="a193653e-ae6a-f3c4-9609-15c9831f7888" testName="IntegrationTests.PostgreSqlIntegrationTests.PostgreSql_task_deletion_removes_attachment_metadata_and_persists_cleanup_messages" computerName="MSI" duration="00:00:00.0412260" startTime="2026-08-31T17:38:01.0598833+02:00" endTime="2026-08-31T17:38:01.0598835+02:00" testType="13cdc9d9-ddb5-4fa4-a97d-d965ccfc6d4b" outcome="Passed" testListId="8c84fa94-04c1-424b-9868-57a2d4851a1d" relativeResultsDirectory="4b694102-e7eb-4f46-b70a-4bfa0b05cace" />
    <UnitTestResult executionId="7ff14a64-2ca8-433e-b31e-c9d2c72c8e96" testId="8f0946f3-8d1c-8109-5175-a5818fd0aa4d" testName="IntegrationTests.AuthApiIntegrationTests.Me_Returns_current_user_when_authorized" computerName="MSI" duration="00:00:00.2651929" startTime="2026-08-31T17:37:53.8950287+02:00" endTime="2026-08-31T17:37:53.8950290+02:00" testType="13cdc9d9-ddb5-4fa4-a97d-d965ccfc6d4b" outcome="Passed" testListId="8c84fa94-04c1-424b-9868-57a2d4851a1d" relativeResultsDirectory="7ff14a64-2ca8-433e-b31e-c9d2c72c8e96" />
    <UnitTestResult executionId="f2544c66-de0a-45ed-a31c-8cea02002c36" testId="fadc5047-d5da-bf8a-8e14-75948f57f329" testName="IntegrationTests.ProjectTasksApiIntegrationTests.Task_delete_rejects_a_stale_concurrency_stamp" computerName="MSI" duration="00:00:00.6097444" startTime="2026-08-31T17:37:47.2484795+02:00" endTime="2026-08-31T17:37:47.2484798+02:00" testType="13cdc9d9-ddb5-4fa4-a97d-d965ccfc6d4b" outcome="Passed" testListId="8c84fa94-04c1-424b-9868-57a2d4851a1d" relativeResultsDirectory="f2544c66-de0a-45ed-a31c-8cea02002c36" />
    <UnitTestResult executionId="dbec70fa-3929-4456-bba5-56ba7780be78" testId="1425d34a-1748-3572-288d-6bda845eee0a" testName="IntegrationTests.UsersApiIntegrationTests.GetCount_Returns_forbidden_for_non_admin_user" computerName="MSI" duration="00:00:00.1971860" startTime="2026-08-31T17:37:49.0732403+02:00" endTime="2026-08-31T17:37:49.0732405+02:00" testType="13cdc9d9-ddb5-4fa4-a97d-d965ccfc6d4b" outcome="Passed" testListId="8c84fa94-04c1-424b-9868-57a2d4851a1d" relativeResultsDirectory="dbec70fa-3929-4456-bba5-56ba7780be78" />
    <UnitTestResult executionId="6a85abb5-3fe0-47c0-b94c-07d4453252f8" testId="b2bb4cbd-3624-e033-bc8b-fed9b4a96dff" testName="IntegrationTests.AuthApiIntegrationTests.RefreshToken_Returns_unauthorized_when_refresh_token_is_invalid" computerName="MSI" duration="00:00:00.0855707" startTime="2026-08-31T17:37:47.0276897+02:00" endTime="2026-08-31T17:37:47.0276899+02:00" testType="13cdc9d9-ddb5-4fa4-a97d-d965ccfc6d4b" outcome="Passed" testListId="8c84fa94-04c1-424b-9868-57a2d4851a1d" relativeResultsDirectory="6a85abb5-3fe0-47c0-b94c-07d4453252f8" />
    <UnitTestResult executionId="576c4991-25a2-4ad1-aa60-5c02b4ea4325" testId="81a5d3f4-68c4-d737-7ff3-dbf4d05d39db" testName="IntegrationTests.ProjectsApiIntegrationTests.Project_owner_can_list_active_users_who_are_not_project_members" computerName="MSI" duration="00:00:00.4013901" startTime="2026-08-31T17:37:50.3923257+02:00" endTime="2026-08-31T17:37:50.3923258+02:00" testType="13cdc9d9-ddb5-4fa4-a97d-d965ccfc6d4b" outcome="Passed" testListId="8c84fa94-04c1-424b-9868-57a2d4851a1d" relativeResultsDirectory="576c4991-25a2-4ad1-aa60-5c02b4ea4325" />
    <UnitTestResult executionId="e794f164-c29b-4e1a-a58a-17235913528b" testId="0922663e-6c04-5e69-e77c-1bd36d80d669" testName="IntegrationTests.AuthApiIntegrationTests.Login_Returns_unauthorized_when_account_is_locked_after_failed_attempts" computerName="MSI" duration="00:00:00.3100936" startTime="2026-08-31T17:37:50.3572050+02:00" endTime="2026-08-31T17:37:50.3572055+02:00" testType="13cdc9d9-ddb5-4fa4-a97d-d965ccfc6d4b" outcome="Passed" testListId="8c84fa94-04c1-424b-9868-57a2d4851a1d" relativeResultsDirectory="e794f164-c29b-4e1a-a58a-17235913528b" />
    <UnitTestResult executionId="35aff674-7084-42e6-bcdf-9407a6cecf4c" testId="93706bcc-22e0-2f03-6ad1-f929339085c4" testName="IntegrationTests.PostgreSqlIntegrationTests.PostgreSql_container_applies_all_migrations_and_serves_health_check" computerName="MSI" duration="00:00:00.0386362" startTime="2026-08-31T17:38:00.6919172+02:00" endTime="2026-08-31T17:38:00.6919175+02:00" testType="13cdc9d9-ddb5-4fa4-a97d-d965ccfc6d4b" outcome="Passed" testListId="8c84fa94-04c1-424b-9868-57a2d4851a1d" relativeResultsDirectory="35aff674-7084-42e6-bcdf-9407a6cecf4c" />
    <UnitTestResult executionId="be79f7ca-6183-4474-ba76-ba490cbfb505" testId="8d677c66-eb57-485d-5bf6-0ee68157a4e7" testName="IntegrationTests.ProjectsApiIntegrationTests.Non_owner_cannot_list_available_project_members" computerName="MSI" duration="00:00:00.2549143" startTime="2026-08-31T17:37:49.9904692+02:00" endTime="2026-08-31T17:37:49.9904693+02:00" testType="13cdc9d9-ddb5-4fa4-a97d-d965ccfc6d4b" outcome="Passed" testListId="8c84fa94-04c1-424b-9868-57a2d4851a1d" relativeResultsDirectory="be79f7ca-6183-4474-ba76-ba490cbfb505" />
    <UnitTestResult executionId="1d536a07-0ce9-4fa1-9cd2-10a9e95370b1" testId="ee09b124-3850-78f2-d435-904ad3aad6ff" testName="IntegrationTests.AuthApiIntegrationTests.ResendTwoFactor_Rotates_code_for_active_challenge" computerName="MSI" duration="00:00:00.2177518" startTime="2026-08-31T17:37:51.2342268+02:00" endTime="2026-08-31T17:37:51.2342270+02:00" testType="13cdc9d9-ddb5-4fa4-a97d-d965ccfc6d4b" outcome="Passed" testListId="8c84fa94-04c1-424b-9868-57a2d4851a1d" relativeResultsDirectory="1d536a07-0ce9-4fa1-9cd2-10a9e95370b1" />
    <UnitTestResult executionId="a225e175-af1f-42b9-b9b1-5b8f3532cbb9" testId="ac292858-74c9-e0d5-f527-314d4987589b" testName="IntegrationTests.ProjectTasksApiIntegrationTests.Owner_can_create_update_status_and_delete_project_task" computerName="MSI" duration="00:00:00.3483305" startTime="2026-08-31T17:37:49.1495056+02:00" endTime="2026-08-31T17:37:49.1495058+02:00" testType="13cdc9d9-ddb5-4fa4-a97d-d965ccfc6d4b" outcome="Passed" testListId="8c84fa94-04c1-424b-9868-57a2d4851a1d" relativeResultsDirectory="a225e175-af1f-42b9-b9b1-5b8f3532cbb9" />
    <UnitTestResult executionId="54755bee-8f50-4576-9eba-6bd099fd6c66" testId="0ce72c02-70e8-ed98-537f-20aaad267294" testName="IntegrationTests.ProjectsApiIntegrationTests.User_cannot_update_or_archive_another_users_project" computerName="MSI" duration="00:00:00.2983635" startTime="2026-08-31T17:37:49.7391104+02:00" endTime="2026-08-31T17:37:49.7391114+02:00" testType="13cdc9d9-ddb5-4fa4-a97d-d965ccfc6d4b" outcome="Passed" testListId="8c84fa94-04c1-424b-9868-57a2d4851a1d" relativeResultsDirectory="54755bee-8f50-4576-9eba-6bd099fd6c66" />
    <UnitTestResult executionId="326da671-9706-4d7b-9eaa-81af8dcf6618" testId="e76ddc59-614a-a068-bef4-e946e6f18a73" testName="IntegrationTests.AuthApiIntegrationTests.Login_Returns_access_token_and_sets_refresh_cookie_for_valid_credentials" computerName="MSI" duration="00:00:00.1802243" startTime="2026-08-31T17:37:48.9570888+02:00" endTime="2026-08-31T17:37:48.9570889+02:00" testType="13cdc9d9-ddb5-4fa4-a97d-d965ccfc6d4b" outcome="Passed" testListId="8c84fa94-04c1-424b-9868-57a2d4851a1d" relativeResultsDirectory="326da671-9706-4d7b-9eaa-81af8dcf6618" />
    <UnitTestResult executionId="53280d58-4b5b-441c-88a7-90a9f56629dd" testId="330f4599-2f17-7a9b-52a8-c4a26a6632b4" testName="IntegrationTests.ProjectInvitationsApiIntegrationTests.Recipient_can_decline_without_becoming_a_project_member" computerName="MSI" duration="00:00:00.4078487" startTime="2026-08-31T17:37:48.4264941+02:00" endTime="2026-08-31T17:37:48.4264942+02:00" testType="13cdc9d9-ddb5-4fa4-a97d-d965ccfc6d4b" outcome="Passed" testListId="8c84fa94-04c1-424b-9868-57a2d4851a1d" relativeResultsDirectory="53280d58-4b5b-441c-88a7-90a9f56629dd" />
    <UnitTestResult executionId="88734fb0-b452-4695-abdd-062dc340afdf" testId="62ef718f-869e-50df-1ce7-a5d44c2c5a0d" testName="IntegrationTests.ProjectTasksApiIntegrationTests.Owner_can_filter_and_sort_project_tasks" computerName="MSI" duration="00:00:00.2861734" startTime="2026-08-31T17:37:52.4016257+02:00" endTime="2026-08-31T17:37:52.4016264+02:00" testType="13cdc9d9-ddb5-4fa4-a97d-d965ccfc6d4b" outcome="Passed" testListId="8c84fa94-04c1-424b-9868-57a2d4851a1d" relativeResultsDirectory="88734fb0-b452-4695-abdd-062dc340afdf" />
    <UnitTestResult executionId="5933d02e-c75c-4d73-8193-ed0378b7950c" testId="cfc56c12-6467-e363-1613-5b07310fd46b" testName="IntegrationTests.AuthApiIntegrationTests.ChangePassword_Updates_credentials_for_the_authenticated_user" computerName="MSI" duration="00:00:00.4082460" startTime="2026-08-31T17:37:52.2270165+02:00" endTime="2026-08-31T17:37:52.2270166+02:00" testType="13cdc9d9-ddb5-4fa4-a97d-d965ccfc6d4b" outcome="Passed" testListId="8c84fa94-04c1-424b-9868-57a2d4851a1d" relativeResultsDirectory="5933d02e-c75c-4d73-8193-ed0378b7950c" />
    <UnitTestResult executionId="2c824fca-5a5e-40c5-8aab-3d49ca19bcfa" testId="5ea2ed0c-2a28-74c4-f491-7e30d335d31b" testName="IntegrationTests.AuthApiIntegrationTests.PasswordReset_Sends_link_and_changes_password" computerName="MSI" duration="00:00:00.4560248" startTime="2026-08-31T17:37:48.3855065+02:00" endTime="2026-08-31T17:37:48.3855067+02:00" testType="13cdc9d9-ddb5-4fa4-a97d-d965ccfc6d4b" outcome="Passed" testListId="8c84fa94-04c1-424b-9868-57a2d4851a1d" relativeResultsDirectory="2c824fca-5a5e-40c5-8aab-3d49ca19bcfa" />
    <UnitTestResult executionId="8a7cac58-904e-4b1c-b643-822148311cf6" testId="11578ec4-b6f1-60c7-3876-4e8a3ed448bd" testName="IntegrationTests.ProjectTasksApiIntegrationTests.Deadline_reminder_processor_notifies_assignees_once_for_upcoming_and_overdue_tasks" computerName="MSI" duration="00:00:00.1899017" startTime="2026-08-31T17:37:53.2628337+02:00" endTime="2026-08-31T17:37:53.2628339+02:00" testType="13cdc9d9-ddb5-4fa4-a97d-d965ccfc6d4b" outcome="Passed" testListId="8c84fa94-04c1-424b-9868-57a2d4851a1d" relativeResultsDirectory="8a7cac58-904e-4b1c-b643-822148311cf6" />
    <UnitTestResult executionId="d56c0e74-e7c4-4974-8205-8bfd2fda172e" testId="82006535-da5d-5957-526c-bbf3225f5f7b" testName="IntegrationTests.AuthApiIntegrationTests.ConfirmEmail_Enables_login_for_a_new_registration" computerName="MSI" duration="00:00:00.2103042" startTime="2026-08-31T17:37:52.9959313+02:00" endTime="2026-08-31T17:37:52.9959315+02:00" testType="13cdc9d9-ddb5-4fa4-a97d-d965ccfc6d4b" outcome="Passed" testListId="8c84fa94-04c1-424b-9868-57a2d4851a1d" relativeResultsDirectory="d56c0e74-e7c4-4974-8205-8bfd2fda172e" />
    <UnitTestResult executionId="7ec14d2f-5193-439f-ae95-8be99bcd1977" testId="1c1e5c3c-d29c-6370-20f2-c86e095e0419" testName="IntegrationTests.UsersApiIntegrationTests.UpdateMe_Updates_profile_and_auth_me_returns_fresh_database_values" computerName="MSI" duration="00:00:00.3087494" startTime="2026-08-31T17:37:48.3358258+02:00" endTime="2026-08-31T17:37:48.3358261+02:00" testType="13cdc9d9-ddb5-4fa4-a97d-d965ccfc6d4b" outcome="Passed" testListId="8c84fa94-04c1-424b-9868-57a2d4851a1d" relativeResultsDirectory="7ec14d2f-5193-439f-ae95-8be99bcd1977" />
    <UnitTestResult executionId="efdd82ec-b580-4fed-a878-12fff85a8101" testId="dbe451fb-1243-8cb8-fff8-220fab73773f" testName="IntegrationTests.PostgreSqlIntegrationTests.PostgreSql_project_member_removal_unassigns_tasks_and_persists_activity" computerName="MSI" duration="00:00:00.0430575" startTime="2026-08-31T17:38:00.9237211+02:00" endTime="2026-08-31T17:38:00.9237214+02:00" testType="13cdc9d9-ddb5-4fa4-a97d-d965ccfc6d4b" outcome="Passed" testListId="8c84fa94-04c1-424b-9868-57a2d4851a1d" relativeResultsDirectory="efdd82ec-b580-4fed-a878-12fff85a8101" />
    <UnitTestResult executionId="bcab8338-4cd4-47d0-85b4-161a03eee19b" testId="9b0c2205-7d3a-fe3f-be82-290b19184d33" testName="IntegrationTests.AuthApiIntegrationTests.Admin_endpoint_returns_forbidden_for_user_role" computerName="MSI" duration="00:00:00.2019745" startTime="2026-08-31T17:37:49.1596999+02:00" endTime="2026-08-31T17:37:49.1597002+02:00" testType="13cdc9d9-ddb5-4fa4-a97d-d965ccfc6d4b" outcome="Passed" testListId="8c84fa94-04c1-424b-9868-57a2d4851a1d" relativeResultsDirectory="bcab8338-4cd4-47d0-85b4-161a03eee19b" />
    <UnitTestResult executionId="a9c23fcd-e0ec-4aed-aa20-be50ac05afad" testId="a7b7de4e-76d4-6e9b-6ecd-06fc3336b44b" testName="IntegrationTests.ProjectsApiIntegrationTests.Project_list_is_sorted_by_updated_at_descending" computerName="MSI" duration="00:00:00.2156801" startTime="2026-08-31T17:37:49.0086522+02:00" endTime="2026-08-31T17:37:49.0086525+02:00" testType="13cdc9d9-ddb5-4fa4-a97d-d965ccfc6d4b" outcome="Passed" testListId="8c84fa94-04c1-424b-9868-57a2d4851a1d" relativeResultsDirectory="a9c23fcd-e0ec-4aed-aa20-be50ac05afad" />
    <UnitTestResult executionId="2416ffe6-b71f-473d-86ec-9a7ccfeb34a7" testId="4cfae26c-aa4a-ee52-a562-824c3d40e774" testName="IntegrationTests.ProjectTasksApiIntegrationTests.User_cannot_access_tasks_in_another_users_project" computerName="MSI" duration="00:00:00.2447454" startTime="2026-08-31T17:37:52.1148161+02:00" endTime="2026-08-31T17:37:52.1148163+02:00" testType="13cdc9d9-ddb5-4fa4-a97d-d965ccfc6d4b" outcome="Passed" testListId="8c84fa94-04c1-424b-9868-57a2d4851a1d" relativeResultsDirectory="2416ffe6-b71f-473d-86ec-9a7ccfeb34a7" />
    <UnitTestResult executionId="a72fb406-076c-4966-9583-4424d2bbac57" testId="12c913af-c04e-412d-f616-17dfe7a0adfe" testName="IntegrationTests.ProjectTasksApiIntegrationTests.Members_can_upload_and_delete_own_attachment_but_viewers_and_outsiders_are_restricted" computerName="MSI" duration="00:00:00.6104482" startTime="2026-08-31T17:37:54.9155962+02:00" endTime="2026-08-31T17:37:54.9155964+02:00" testType="13cdc9d9-ddb5-4fa4-a97d-d965ccfc6d4b" outcome="Passed" testListId="8c84fa94-04c1-424b-9868-57a2d4851a1d" relativeResultsDirectory="a72fb406-076c-4966-9583-4424d2bbac57" />
    <UnitTestResult executionId="2c7fe932-91d3-43dc-bbe2-c40aff42adf1" testId="8a3452c1-f6e4-b954-7f6e-3f53f180ec1e" testName="IntegrationTests.ProjectTasksApiIntegrationTests.Project_member_can_get_project_task_details" computerName="MSI" duration="00:00:00.3067998" startTime="2026-08-31T17:37:47.9661123+02:00" endTime="2026-08-31T17:37:47.9661124+02:00" testType="13cdc9d9-ddb5-4fa4-a97d-d965ccfc6d4b" outcome="Passed" testListId="8c84fa94-04c1-424b-9868-57a2d4851a1d" relativeResultsDirectory="2c7fe932-91d3-43dc-bbe2-c40aff42adf1" />
    <UnitTestResult executionId="ea5add75-f68e-4657-b5ce-206dfc9806df" testId="e34d6711-b500-352c-f2c6-60863432d76f" testName="IntegrationTests.PostgreSqlIntegrationTests.PostgreSql_project_invitation_acceptance_allows_only_one_concurrent_response" computerName="MSI" duration="00:00:00.0340364" startTime="2026-08-31T17:38:00.9581810+02:00" endTime="2026-08-31T17:38:00.9581813+02:00" testType="13cdc9d9-ddb5-4fa4-a97d-d965ccfc6d4b" outcome="Passed" testListId="8c84fa94-04c1-424b-9868-57a2d4851a1d" relativeResultsDirectory="ea5add75-f68e-4657-b5ce-206dfc9806df" />
    <UnitTestResult executionId="f5b36146-be6c-47a6-8180-32e00fd83753" testId="a7883e7f-10ef-82f6-89e9-8fccbb4d1d45" testName="IntegrationTests.ProjectInvitationsApiIntegrationTests.Non_owner_cannot_list_or_create_project_invitations" computerName="MSI" duration="00:00:01.7083405" startTime="2026-08-31T17:37:47.1059183+02:00" endTime="2026-08-31T17:37:47.1059197+02:00" testType="13cdc9d9-ddb5-4fa4-a97d-d965ccfc6d4b" outcome="Passed" testListId="8c84fa94-04c1-424b-9868-57a2d4851a1d" relativeResultsDirectory="f5b36146-be6c-47a6-8180-32e00fd83753" />
    <UnitTestResult executionId="049d94b2-2f18-47db-98e2-e20ecb22b16e" testId="42b0fc38-d565-c5f6-016f-e2f8fa88731e" testName="IntegrationTests.AuthApiIntegrationTests.LogoutAll_Rejects_refresh_sessions_from_all_devices" computerName="MSI" duration="00:00:00.2547842" startTime="2026-08-31T17:37:50.0466481+02:00" endTime="2026-08-31T17:37:50.0466482+02:00" testType="13cdc9d9-ddb5-4fa4-a97d-d965ccfc6d4b" outcome="Passed" testListId="8c84fa94-04c1-424b-9868-57a2d4851a1d" relativeResultsDirectory="049d94b2-2f18-47db-98e2-e20ecb22b16e" />
    <UnitTestResult executionId="eca4a7b4-5410-422b-b906-b77f34c71b3e" testId="885f1c25-21f1-73f7-cc0e-5ea63b283eff" testName="IntegrationTests.ProjectTasksApiIntegrationTests.GetTask_returns_not_found_for_an_archived_project" computerName="MSI" duration="00:00:00.2004966" startTime="2026-08-31T17:37:49.6610555+02:00" endTime="2026-08-31T17:37:49.6610556+02:00" testType="13cdc9d9-ddb5-4fa4-a97d-d965ccfc6d4b" outcome="Passed" testListId="8c84fa94-04c1-424b-9868-57a2d4851a1d" relativeResultsDirectory="eca4a7b4-5410-422b-b906-b77f34c71b3e" />
    <UnitTestResult executionId="991de30f-acac-4682-a88b-564d4075b3ee" testId="a58ac834-48fd-3522-21fa-bd9b000d1bd7" testName="IntegrationTests.ProjectTasksApiIntegrationTests.Owner_can_see_project_members" computerName="MSI" duration="00:00:00.3099142" startTime="2026-08-31T17:37:49.4600984+02:00" endTime="2026-08-31T17:37:49.4600986+02:00" testType="13cdc9d9-ddb5-4fa4-a97d-d965ccfc6d4b" outcome="Passed" testListId="8c84fa94-04c1-424b-9868-57a2d4851a1d" relativeResultsDirectory="991de30f-acac-4682-a88b-564d4075b3ee" />
    <UnitTestResult executionId="e4ac403c-0ee2-4f5d-8a04-68f907a8c025" testId="2d680edc-b02f-f1ab-db54-a67325eea228" testName="IntegrationTests.ProjectTasksApiIntegrationTests.GetTasks_Returns_unauthorized_when_token_is_missing" computerName="MSI" duration="00:00:01.2346718" startTime="2026-08-31T17:37:46.6361767+02:00" endTime="2026-08-31T17:37:46.6361770+02:00" testType="13cdc9d9-ddb5-4fa4-a97d-d965ccfc6d4b" outcome="Passed" testListId="8c84fa94-04c1-424b-9868-57a2d4851a1d" relativeResultsDirectory="e4ac403c-0ee2-4f5d-8a04-68f907a8c025" />
    <UnitTestResult executionId="3437541c-52b5-400f-a30d-6d0c182aa18d" testId="a5476732-826c-4ac3-25f6-07ff305f269c" testName="IntegrationTests.ProjectInvitationsApiIntegrationTests.Owner_can_create_and_recipient_can_accept_a_project_invitation" computerName="MSI" duration="00:00:00.9117944" startTime="2026-08-31T17:37:48.0181662+02:00" endTime="2026-08-31T17:37:48.0181664+02:00" testType="13cdc9d9-ddb5-4fa4-a97d-d965ccfc6d4b" outcome="Passed" testListId="8c84fa94-04c1-424b-9868-57a2d4851a1d" relativeResultsDirectory="3437541c-52b5-400f-a30d-6d0c182aa18d" />
    <UnitTestResult executionId="7387956f-49f4-4000-b8c5-1510669fa4e3" testId="b193d991-a363-baed-f22b-0b1644e2903b" testName="IntegrationTests.ProjectsApiIntegrationTests.User_can_create_and_list_only_their_own_projects" computerName="MSI" duration="00:00:00.2551808" startTime="2026-08-31T17:37:50.9375187+02:00" endTime="2026-08-31T17:37:50.9375188+02:00" testType="13cdc9d9-ddb5-4fa4-a97d-d965ccfc6d4b" outcome="Passed" testListId="8c84fa94-04c1-424b-9868-57a2d4851a1d" relativeResultsDirectory="7387956f-49f4-4000-b8c5-1510669fa4e3" />
    <UnitTestResult executionId="56505cb8-43ca-4875-afa0-24f39919b8b4" testId="f4d0dab7-241d-b165-2cef-9132ceb05ee4" testName="IntegrationTests.AuthApiIntegrationTests.ChangePassword_Rejects_the_previous_refresh_session" computerName="MSI" duration="00:00:00.3296864" startTime="2026-08-31T17:37:54.2725011+02:00" endTime="2026-08-31T17:37:54.2725012+02:00" testType="13cdc9d9-ddb5-4fa4-a97d-d965ccfc6d4b" outcome="Passed" testListId="8c84fa94-04c1-424b-9868-57a2d4851a1d" relativeResultsDirectory="56505cb8-43ca-4875-afa0-24f39919b8b4" />
    <UnitTestResult executionId="9077856d-5c86-4b50-9a9c-283980f0c71f" testId="54a577b4-67ae-3148-a9aa-40971ee9460d" testName="IntegrationTests.PostgreSqlIntegrationTests.PostgreSql_concurrent_attachment_uploads_allow_only_one_when_count_quota_is_one" computerName="MSI" duration="00:00:00.0727848" startTime="2026-08-31T17:38:00.7651355+02:00" endTime="2026-08-31T17:38:00.7651356+02:00" testType="13cdc9d9-ddb5-4fa4-a97d-d965ccfc6d4b" outcome="Passed" testListId="8c84fa94-04c1-424b-9868-57a2d4851a1d" relativeResultsDirectory="9077856d-5c86-4b50-9a9c-283980f0c71f" />
    <UnitTestResult executionId="f5d354a6-8eae-4355-a30a-3e05f52b4342" testId="cce0c98d-c18d-fca0-03df-fef09c94df4f" testName="IntegrationTests.ProjectTasksApiIntegrationTests.Owner_cannot_assign_task_to_user_outside_project" computerName="MSI" duration="00:00:00.3050558" startTime="2026-08-31T17:37:48.8006127+02:00" endTime="2026-08-31T17:37:48.8006130+02:00" testType="13cdc9d9-ddb5-4fa4-a97d-d965ccfc6d4b" outcome="Passed" testListId="8c84fa94-04c1-424b-9868-57a2d4851a1d" relativeResultsDirectory="f5d354a6-8eae-4355-a30a-3e05f52b4342" />
    <UnitTestResult executionId="79ae2a6f-f4b4-4600-ab15-f1d783753c3f" testId="70176934-082b-171b-8eee-4e0cdb040e52" testName="IntegrationTests.PostgreSqlIntegrationTests.PostgreSql_project_member_addition_rolls_back_when_notification_fails" computerName="MSI" duration="00:00:00.0530885" startTime="2026-08-31T17:38:00.5582855+02:00" endTime="2026-08-31T17:38:00.5582857+02:00" testType="13cdc9d9-ddb5-4fa4-a97d-d965ccfc6d4b" outcome="Passed" testListId="8c84fa94-04c1-424b-9868-57a2d4851a1d" relativeResultsDirectory="79ae2a6f-f4b4-4600-ab15-f1d783753c3f" />
    <UnitTestResult executionId="26ceabbc-62eb-4821-a54d-549474303a54" testId="5b7afa9c-8545-1541-69bc-9700803f1be7" testName="IntegrationTests.PostgreSqlIntegrationTests.PostgreSql_project_invitation_acceptance_rolls_back_when_notification_fails" computerName="MSI" duration="00:00:01.5953463" startTime="2026-08-31T17:38:00.3320748+02:00" endTime="2026-08-31T17:38:00.3320752+02:00" testType="13cdc9d9-ddb5-4fa4-a97d-d965ccfc6d4b" outcome="Passed" testListId="8c84fa94-04c1-424b-9868-57a2d4851a1d" relativeResultsDirectory="26ceabbc-62eb-4821-a54d-549474303a54" />
    <UnitTestResult executionId="245d35dc-bf67-46e5-ba60-8a6a24498366" testId="031cb8b6-2ae4-5ad4-3f8e-9cfa41f7757e" testName="IntegrationTests.ProjectsApiIntegrationTests.User_cannot_access_another_users_project_and_can_archive_their_own_project" computerName="MSI" duration="00:00:00.4275011" startTime="2026-08-31T17:37:48.7923417+02:00" endTime="2026-08-31T17:37:48.7923419+02:00" testType="13cdc9d9-ddb5-4fa4-a97d-d965ccfc6d4b" outcome="Passed" testListId="8c84fa94-04c1-424b-9868-57a2d4851a1d" relativeResultsDirectory="245d35dc-bf67-46e5-ba60-8a6a24498366" />
    <UnitTestResult executionId="caaedf93-1feb-4995-a737-b9e11d867bbf" testId="ac10e909-699f-658e-f45d-66fefc177c8c" testName="IntegrationTests.ProjectsApiIntegrationTests.Project_list_hides_archived_projects_by_default_and_can_include_them" computerName="MSI" duration="00:00:00.2083776" startTime="2026-08-31T17:37:50.6818526+02:00" endTime="2026-08-31T17:37:50.6818527+02:00" testType="13cdc9d9-ddb5-4fa4-a97d-d965ccfc6d4b" outcome="Passed" testListId="8c84fa94-04c1-424b-9868-57a2d4851a1d" relativeResultsDirectory="caaedf93-1feb-4995-a737-b9e11d867bbf" />
    <UnitTestResult executionId="410c7754-e55d-41cb-9c03-3726d139b6b7" testId="6494bb89-c011-4c1d-b402-58ce9a080241" testName="IntegrationTests.ProjectTasksApiIntegrationTests.Owner_can_upload_list_download_and_delete_task_attachment" computerName="MSI" duration="00:00:00.3608686" startTime="2026-08-31T17:37:50.8044236+02:00" endTime="2026-08-31T17:37:50.8044237+02:00" testType="13cdc9d9-ddb5-4fa4-a97d-d965ccfc6d4b" outcome="Passed" testListId="8c84fa94-04c1-424b-9868-57a2d4851a1d" relativeResultsDirectory="410c7754-e55d-41cb-9c03-3726d139b6b7" />
    <UnitTestResult executionId="36c2f9f3-b253-4d24-8123-ffe27fea00ff" testId="c51f0711-af06-2ce4-35be-fa764673d7bd" testName="IntegrationTests.ProjectTasksApiIntegrationTests.Task_status_update_requires_a_concurrency_stamp" computerName="MSI" duration="00:00:00.2138587" startTime="2026-08-31T17:37:51.0188124+02:00" endTime="2026-08-31T17:37:51.0188127+02:00" testType="13cdc9d9-ddb5-4fa4-a97d-d965ccfc6d4b" outcome="Passed" testListId="8c84fa94-04c1-424b-9868-57a2d4851a1d" relativeResultsDirectory="36c2f9f3-b253-4d24-8123-ffe27fea00ff" />
    <UnitTestResult executionId="46e3b54c-17d5-4f40-9a53-8f725d97feae" testId="f8b418a7-b9a6-cfe4-bcb7-c2b6254fdd5f" testName="IntegrationTests.UsersApiIntegrationTests.UpdateTwoFactor_Updates_security_preference_for_confirmed_user" computerName="MSI" duration="00:00:00.2231685" startTime="2026-08-31T17:37:48.8754873+02:00" endTime="2026-08-31T17:37:48.8754875+02:00" testType="13cdc9d9-ddb5-4fa4-a97d-d965ccfc6d4b" outcome="Passed" testListId="8c84fa94-04c1-424b-9868-57a2d4851a1d" relativeResultsDirectory="46e3b54c-17d5-4f40-9a53-8f725d97feae" />
    <UnitTestResult executionId="f63e446b-356a-4450-8c03-8412edfdf050" testId="38189615-3a31-160c-3af7-bc32c1585852" testName="IntegrationTests.NotificationsApiIntegrationTests.User_can_page_filter_and_mark_only_their_own_notifications_as_read" computerName="MSI" duration="00:00:00.4207150" startTime="2026-08-31T17:37:48.0839256+02:00" endTime="2026-08-31T17:37:48.0839258+02:00" testType="13cdc9d9-ddb5-4fa4-a97d-d965ccfc6d4b" outcome="Passed" testListId="8c84fa94-04c1-424b-9868-57a2d4851a1d" relativeResultsDirectory="f63e446b-356a-4450-8c03-8412edfdf050" />
    <UnitTestResult executionId="9d9d87b0-2c0a-4057-aec0-06a407716637" testId="e77fd077-734a-b201-f820-9abb9555b0a5" testName="IntegrationTests.NotificationsApiIntegrationTests.User_cannot_mark_another_users_notification_as_read" computerName="MSI" duration="00:00:00.3440399" startTime="2026-08-31T17:37:48.4283874+02:00" endTime="2026-08-31T17:37:48.4283876+02:00" testType="13cdc9d9-ddb5-4fa4-a97d-d965ccfc6d4b" outcome="Passed" testListId="8c84fa94-04c1-424b-9868-57a2d4851a1d" relativeResultsDirectory="9d9d87b0-2c0a-4057-aec0-06a407716637" />
    <UnitTestResult executionId="7a78812d-201f-4eb4-aef5-f2f34bc61e10" testId="c3a83719-5adc-5543-382d-2d5ed63c599d" testName="IntegrationTests.PostgreSqlIntegrationTests.PostgreSql_project_update_returns_conflict_for_a_stale_version" computerName="MSI" duration="00:00:00.0340258" startTime="2026-08-31T17:38:01.1912588+02:00" endTime="2026-08-31T17:38:01.1912590+02:00" testType="13cdc9d9-ddb5-4fa4-a97d-d965ccfc6d4b" outcome="Passed" testListId="8c84fa94-04c1-424b-9868-57a2d4851a1d" relativeResultsDirectory="7a78812d-201f-4eb4-aef5-f2f34bc61e10" />
    <UnitTestResult executionId="eb390cc5-ba01-44b4-aac0-82f7e01ff132" testId="04620c86-2461-461a-fd15-ff3d0bafdcc8" testName="IntegrationTests.ProjectTasksApiIntegrationTests.GetTask_Returns_unauthorized_when_token_is_missing" computerName="MSI" duration="00:00:00.0583611" startTime="2026-08-31T17:37:49.9039847+02:00" endTime="2026-08-31T17:37:49.9039849+02:00" testType="13cdc9d9-ddb5-4fa4-a97d-d965ccfc6d4b" outcome="Passed" testListId="8c84fa94-04c1-424b-9868-57a2d4851a1d" relativeResultsDirectory="eb390cc5-ba01-44b4-aac0-82f7e01ff132" />
    <UnitTestResult executionId="accc0bf2-5bfd-4070-a936-7d34a1cdb7b9" testId="21174b1e-a715-cc85-aeb3-1bb7642a1080" testName="IntegrationTests.ProjectTasksApiIntegrationTests.Removing_member_clears_their_task_assignments" computerName="MSI" duration="00:00:00.2617469" startTime="2026-08-31T17:37:54.3046523+02:00" endTime="2026-08-31T17:37:54.3046524+02:00" testType="13cdc9d9-ddb5-4fa4-a97d-d965ccfc6d4b" outcome="Passed" testListId="8c84fa94-04c1-424b-9868-57a2d4851a1d" relativeResultsDirectory="accc0bf2-5bfd-4070-a936-7d34a1cdb7b9" />
    <UnitTestResult executionId="42acce5b-31d6-4cb6-af53-9fe556de43f4" testId="7eb29a6e-42ab-8841-deb4-2fc8d12c5183" testName="IntegrationTests.ProjectInvitationsApiIntegrationTests.Invitation_endpoints_require_authentication" computerName="MSI" duration="00:00:00.0757445" startTime="2026-08-31T17:37:48.7929106+02:00" endTime="2026-08-31T17:37:48.7929109+02:00" testType="13cdc9d9-ddb5-4fa4-a97d-d965ccfc6d4b" outcome="Passed" testListId="8c84fa94-04c1-424b-9868-57a2d4851a1d" relativeResultsDirectory="42acce5b-31d6-4cb6-af53-9fe556de43f4" />
    <UnitTestResult executionId="7ebd1d1c-3809-4865-89c9-011d0f06e852" testId="b1b939ff-1fde-05ce-210e-c77530f36ce7" testName="IntegrationTests.ProjectTasksApiIntegrationTests.Viewer_cannot_delete_project_task" computerName="MSI" duration="00:00:00.4095028" startTime="2026-08-31T17:37:47.6587141+02:00" endTime="2026-08-31T17:37:47.6587143+02:00" testType="13cdc9d9-ddb5-4fa4-a97d-d965ccfc6d4b" outcome="Passed" testListId="8c84fa94-04c1-424b-9868-57a2d4851a1d" relativeResultsDirectory="7ebd1d1c-3809-4865-89c9-011d0f06e852" />
    <UnitTestResult executionId="5eac6cdf-2f59-46b3-9924-697aeed856cf" testId="f3edf110-5a3b-0347-b1e8-136a3178108b" testName="IntegrationTests.PostgreSqlIntegrationTests.PostgreSql_project_task_update_returns_conflict_for_a_stale_version" computerName="MSI" duration="00:00:00.0428798" startTime="2026-08-31T17:38:01.0015140+02:00" endTime="2026-08-31T17:38:01.0015141+02:00" testType="13cdc9d9-ddb5-4fa4-a97d-d965ccfc6d4b" outcome="Passed" testListId="8c84fa94-04c1-424b-9868-57a2d4851a1d" relativeResultsDirectory="5eac6cdf-2f59-46b3-9924-697aeed856cf" />
    <UnitTestResult executionId="fdd4ec4f-eca0-425c-8fa6-d60c4ccbc6a9" testId="3686678a-a2de-5bf2-f7a1-537cec013e49" testName="IntegrationTests.AuthApiIntegrationTests.Admin_endpoint_allows_admin_role" computerName="MSI" duration="00:00:00.2357260" startTime="2026-08-31T17:37:52.5331781+02:00" endTime="2026-08-31T17:37:52.5331782+02:00" testType="13cdc9d9-ddb5-4fa4-a97d-d965ccfc6d4b" outcome="Passed" testListId="8c84fa94-04c1-424b-9868-57a2d4851a1d" relativeResultsDirectory="fdd4ec4f-eca0-425c-8fa6-d60c4ccbc6a9" />
    <UnitTestResult executionId="5492c612-9bf5-496f-81aa-ebb57da92779" testId="4d14d9e1-b525-751c-cc21-6a66ae349909" testName="IntegrationTests.AuthApiIntegrationTests.Register_Creates_user_that_can_login_later" computerName="MSI" duration="00:00:00.2516463" startTime="2026-08-31T17:37:50.8190121+02:00" endTime="2026-08-31T17:37:50.8190122+02:00" testType="13cdc9d9-ddb5-4fa4-a97d-d965ccfc6d4b" outcome="Passed" testListId="8c84fa94-04c1-424b-9868-57a2d4851a1d" relativeResultsDirectory="5492c612-9bf5-496f-81aa-ebb57da92779" />
    <UnitTestResult executionId="c9d89992-1683-4e4b-8442-8a11661bf0f9" testId="da35bb65-bd6f-880e-c8bc-df1813fe4cdf" testName="IntegrationTests.PostgreSqlIntegrationTests.PostgreSql_project_invitation_creation_replaces_an_expired_pending_invitation" computerName="MSI" duration="00:00:00.0821974" startTime="2026-08-31T17:38:00.6527199+02:00" endTime="2026-08-31T17:38:00.6527201+02:00" testType="13cdc9d9-ddb5-4fa4-a97d-d965ccfc6d4b" outcome="Passed" testListId="8c84fa94-04c1-424b-9868-57a2d4851a1d" relativeResultsDirectory="c9d89992-1683-4e4b-8442-8a11661bf0f9" />
    <UnitTestResult executionId="ac16ddb6-2dae-40ad-829b-0be5ad169e90" testId="a3f71d6e-3400-02e6-688c-657c3188941e" testName="IntegrationTests.RuntimeConfigIntegrationTests.GetRuntimeConfiguration_Returns_public_feature_flags_for_frontend_bootstrap" computerName="MSI" duration="00:00:01.3128422" startTime="2026-08-31T17:37:46.7105946+02:00" endTime="2026-08-31T17:37:46.7105952+02:00" testType="13cdc9d9-ddb5-4fa4-a97d-d965ccfc6d4b" outcome="Passed" testListId="8c84fa94-04c1-424b-9868-57a2d4851a1d" relativeResultsDirectory="ac16ddb6-2dae-40ad-829b-0be5ad169e90" />
  </Results>
  <TestDefinitions>
    <UnitTest name="IntegrationTests.NotificationsApiIntegrationTests.Adding_member_and_assigning_task_create_one_notification_for_the_recipient" storage="c:\my private programs\programing\main\dotnet-react-starter\backend\integrationtests\bin\release\net9.0\integrationtests.dll" id="bbeefa30-05e9-a0ab-6035-ae87ea0085b6">
      <Execution id="ed5045f2-87d4-49f8-96c4-61b8d65cf582" />
      <TestMethod codeBase="C:\My Private programs\Programing\MAIN\dotnet-react-starter\backend\IntegrationTests\bin\Release\net9.0\IntegrationTests.dll" adapterTypeName="executor://xunit/VsTestRunner2/netcoreapp" className="IntegrationTests.NotificationsApiIntegrationTests" name="Adding_member_and_assigning_task_create_one_notification_for_the_recipient" />
    </UnitTest>
    <UnitTest name="IntegrationTests.AuthApiIntegrationTests.Admin_endpoint_allows_admin_role" storage="c:\my private programs\programing\main\dotnet-react-starter\backend\integrationtests\bin\release\net9.0\integrationtests.dll" id="3686678a-a2de-5bf2-f7a1-537cec013e49">
      <Execution id="fdd4ec4f-eca0-425c-8fa6-d60c4ccbc6a9" />
      <TestMethod codeBase="C:\My Private programs\Programing\MAIN\dotnet-react-starter\backend\IntegrationTests\bin\Release\net9.0\IntegrationTests.dll" adapterTypeName="executor://xunit/VsTestRunner2/netcoreapp" className="IntegrationTests.AuthApiIntegrationTests" name="Admin_endpoint_allows_admin_role" />
    </UnitTest>
    <UnitTest name="IntegrationTests.PostgreSqlIntegrationTests.PostgreSql_refresh_rotation_accepts_only_one_concurrent_successor" storage="c:\my private programs\programing\main\dotnet-react-starter\backend\integrationtests\bin\release\net9.0\integrationtests.dll" id="c036fedd-a4b7-d579-7f93-66da593b048a">
      <Execution id="f9a1b388-1d30-4a5c-b1a3-a5889afdcc00" />
      <TestMethod codeBase="C:\My Private programs\Programing\MAIN\dotnet-react-starter\backend\IntegrationTests\bin\Release\net9.0\IntegrationTests.dll" adapterTypeName="executor://xunit/VsTestRunner2/netcoreapp" className="IntegrationTests.PostgreSqlIntegrationTests" name="PostgreSql_refresh_rotation_accepts_only_one_concurrent_successor" />
    </UnitTest>
    <UnitTest name="IntegrationTests.PostgreSqlIntegrationTests.PostgreSql_readiness_reports_attachment_storage_as_healthy" storage="c:\my private programs\programing\main\dotnet-react-starter\backend\integrationtests\bin\release\net9.0\integrationtests.dll" id="a79af490-c863-99f9-7b03-81af82d374f1">
      <Execution id="0c675fa6-4840-44f9-8281-541e3f8b22bd" />
      <TestMethod codeBase="C:\My Private programs\Programing\MAIN\dotnet-react-starter\backend\IntegrationTests\bin\Release\net9.0\IntegrationTests.dll" adapterTypeName="executor://xunit/VsTestRunner2/netcoreapp" className="IntegrationTests.PostgreSqlIntegrationTests" name="PostgreSql_readiness_reports_attachment_storage_as_healthy" />
    </UnitTest>
    <UnitTest name="IntegrationTests.ProjectTasksApiIntegrationTests.Owner_cannot_assign_task_to_user_outside_project" storage="c:\my private programs\programing\main\dotnet-react-starter\backend\integrationtests\bin\release\net9.0\integrationtests.dll" id="cce0c98d-c18d-fca0-03df-fef09c94df4f">
      <Execution id="f5d354a6-8eae-4355-a30a-3e05f52b4342" />
      <TestMethod codeBase="C:\My Private programs\Programing\MAIN\dotnet-react-starter\backend\IntegrationTests\bin\Release\net9.0\IntegrationTests.dll" adapterTypeName="executor://xunit/VsTestRunner2/netcoreapp" className="IntegrationTests.ProjectTasksApiIntegrationTests" name="Owner_cannot_assign_task_to_user_outside_project" />
    </UnitTest>
    <UnitTest name="IntegrationTests.PostgreSqlIntegrationTests.PostgreSql_project_invitation_acceptance_allows_only_one_concurrent_response" storage="c:\my private programs\programing\main\dotnet-react-starter\backend\integrationtests\bin\release\net9.0\integrationtests.dll" id="e34d6711-b500-352c-f2c6-60863432d76f">
      <Execution id="ea5add75-f68e-4657-b5ce-206dfc9806df" />
      <TestMethod codeBase="C:\My Private programs\Programing\MAIN\dotnet-react-starter\backend\IntegrationTests\bin\Release\net9.0\IntegrationTests.dll" adapterTypeName="executor://xunit/VsTestRunner2/netcoreapp" className="IntegrationTests.PostgreSqlIntegrationTests" name="PostgreSql_project_invitation_acceptance_allows_only_one_concurrent_response" />
    </UnitTest>
    <UnitTest name="IntegrationTests.ProjectTasksApiIntegrationTests.Attachment_upload_rejects_invalid_extension_content_type_and_size" storage="c:\my private programs\programing\main\dotnet-react-starter\backend\integrationtests\bin\release\net9.0\integrationtests.dll" id="9a55dc36-3487-54a9-5f74-0ff2b60ea786">
      <Execution id="e12436c2-d032-491f-ae29-d2cebcfd69be" />
      <TestMethod codeBase="C:\My Private programs\Programing\MAIN\dotnet-react-starter\backend\IntegrationTests\bin\Release\net9.0\IntegrationTests.dll" adapterTypeName="executor://xunit/VsTestRunner2/netcoreapp" className="IntegrationTests.ProjectTasksApiIntegrationTests" name="Attachment_upload_rejects_invalid_extension_content_type_and_size" />
    </UnitTest>
    <UnitTest name="IntegrationTests.ProjectTasksApiIntegrationTests.Task_status_update_rejects_a_stale_concurrency_stamp" storage="c:\my private programs\programing\main\dotnet-react-starter\backend\integrationtests\bin\release\net9.0\integrationtests.dll" id="4d2b2cce-a558-c7a5-7612-40490dc59f90">
      <Execution id="ac7faac8-ff27-4c14-83b2-0d7bf723580a" />
      <TestMethod codeBase="C:\My Private programs\Programing\MAIN\dotnet-react-starter\backend\IntegrationTests\bin\Release\net9.0\IntegrationTests.dll" adapterTypeName="executor://xunit/VsTestRunner2/netcoreapp" className="IntegrationTests.ProjectTasksApiIntegrationTests" name="Task_status_update_rejects_a_stale_concurrency_stamp" />
    </UnitTest>
    <UnitTest name="IntegrationTests.ProjectTasksApiIntegrationTests.Project_task_changes_do_not_change_project_concurrency_stamp" storage="c:\my private programs\programing\main\dotnet-react-starter\backend\integrationtests\bin\release\net9.0\integrationtests.dll" id="523fd63f-5fe8-9e98-80de-338d3a878a04">
      <Execution id="1b73fede-f2ef-4071-a183-ad8c4d8ca60d" />
      <TestMethod codeBase="C:\My Private programs\Programing\MAIN\dotnet-react-starter\backend\IntegrationTests\bin\Release\net9.0\IntegrationTests.dll" adapterTypeName="executor://xunit/VsTestRunner2/netcoreapp" className="IntegrationTests.ProjectTasksApiIntegrationTests" name="Project_task_changes_do_not_change_project_concurrency_stamp" />
    </UnitTest>
    <UnitTest name="IntegrationTests.AuthApiIntegrationTests.Me_Returns_unauthorized_when_token_is_missing" storage="c:\my private programs\programing\main\dotnet-react-starter\backend\integrationtests\bin\release\net9.0\integrationtests.dll" id="be07f6b7-cf7e-3cfb-d66a-7d9576f6c883">
      <Execution id="2b896e66-f2a7-4bdd-a980-f20c4c05eeb0" />
      <TestMethod codeBase="C:\My Private programs\Programing\MAIN\dotnet-react-starter\backend\IntegrationTests\bin\Release\net9.0\IntegrationTests.dll" adapterTypeName="executor://xunit/VsTestRunner2/netcoreapp" className="IntegrationTests.AuthApiIntegrationTests" name="Me_Returns_unauthorized_when_token_is_missing" />
    </UnitTest>
    <UnitTest name="IntegrationTests.AuthApiIntegrationTests.RefreshToken_Returns_TooManyRequests_When_RateLimit_Exceeded" storage="c:\my private programs\programing\main\dotnet-react-starter\backend\integrationtests\bin\release\net9.0\integrationtests.dll" id="163b93fa-efa4-4735-d8f0-ac53a8b91a03">
      <Execution id="2db69069-5668-423f-b3d2-4eb120dcde8c" />
      <TestMethod codeBase="C:\My Private programs\Programing\MAIN\dotnet-react-starter\backend\IntegrationTests\bin\Release\net9.0\IntegrationTests.dll" adapterTypeName="executor://xunit/VsTestRunner2/netcoreapp" className="IntegrationTests.AuthApiIntegrationTests" name="RefreshToken_Returns_TooManyRequests_When_RateLimit_Exceeded" />
    </UnitTest>
    <UnitTest name="IntegrationTests.PostgreSqlIntegrationTests.PostgreSql_allows_only_one_concurrent_pending_invitation_per_project_user" storage="c:\my private programs\programing\main\dotnet-react-starter\backend\integrationtests\bin\release\net9.0\integrationtests.dll" id="db6b1b17-e697-4160-8df4-03db33ab995f">
      <Execution id="992a471f-2fa4-40a4-a3bb-971510fdfa00" />
      <TestMethod codeBase="C:\My Private programs\Programing\MAIN\dotnet-react-starter\backend\IntegrationTests\bin\Release\net9.0\IntegrationTests.dll" adapterTypeName="executor://xunit/VsTestRunner2/netcoreapp" className="IntegrationTests.PostgreSqlIntegrationTests" name="PostgreSql_allows_only_one_concurrent_pending_invitation_per_project_user" />
    </UnitTest>
    <UnitTest name="IntegrationTests.RuntimeConfigIntegrationTests.GetRuntimeConfiguration_Returns_public_feature_flags_for_frontend_bootstrap" storage="c:\my private programs\programing\main\dotnet-react-starter\backend\integrationtests\bin\release\net9.0\integrationtests.dll" id="a3f71d6e-3400-02e6-688c-657c3188941e">
      <Execution id="ac16ddb6-2dae-40ad-829b-0be5ad169e90" />
      <TestMethod codeBase="C:\My Private programs\Programing\MAIN\dotnet-react-starter\backend\IntegrationTests\bin\Release\net9.0\IntegrationTests.dll" adapterTypeName="executor://xunit/VsTestRunner2/netcoreapp" className="IntegrationTests.RuntimeConfigIntegrationTests" name="GetRuntimeConfiguration_Returns_public_feature_flags_for_frontend_bootstrap" />
    </UnitTest>
    <UnitTest name="IntegrationTests.ProjectTasksApiIntegrationTests.Removing_member_clears_their_task_assignments" storage="c:\my private programs\programing\main\dotnet-react-starter\backend\integrationtests\bin\release\net9.0\integrationtests.dll" id="21174b1e-a715-cc85-aeb3-1bb7642a1080">
      <Execution id="accc0bf2-5bfd-4070-a936-7d34a1cdb7b9" />
      <TestMethod codeBase="C:\My Private programs\Programing\MAIN\dotnet-react-starter\backend\IntegrationTests\bin\Release\net9.0\IntegrationTests.dll" adapterTypeName="executor://xunit/VsTestRunner2/netcoreapp" className="IntegrationTests.ProjectTasksApiIntegrationTests" name="Removing_member_clears_their_task_assignments" />
    </UnitTest>
    <UnitTest name="IntegrationTests.AuthApiIntegrationTests.ChangePassword_Rejects_the_previous_refresh_session" storage="c:\my private programs\programing\main\dotnet-react-starter\backend\integrationtests\bin\release\net9.0\integrationtests.dll" id="f4d0dab7-241d-b165-2cef-9132ceb05ee4">
      <Execution id="56505cb8-43ca-4875-afa0-24f39919b8b4" />
      <TestMethod codeBase="C:\My Private programs\Programing\MAIN\dotnet-react-starter\backend\IntegrationTests\bin\Release\net9.0\IntegrationTests.dll" adapterTypeName="executor://xunit/VsTestRunner2/netcoreapp" className="IntegrationTests.AuthApiIntegrationTests" name="ChangePassword_Rejects_the_previous_refresh_session" />
    </UnitTest>
    <UnitTest name="IntegrationTests.ProjectsApiIntegrationTests.Add_project_member_rejects_empty_user_identifier" storage="c:\my private programs\programing\main\dotnet-react-starter\backend\integrationtests\bin\release\net9.0\integrationtests.dll" id="1e48b09f-b133-11c0-dd72-960d6290ec30">
      <Execution id="c716994b-c293-4790-adfc-913e31a6740f" />
      <TestMethod codeBase="C:\My Private programs\Programing\MAIN\dotnet-react-starter\backend\IntegrationTests\bin\Release\net9.0\IntegrationTests.dll" adapterTypeName="executor://xunit/VsTestRunner2/netcoreapp" className="IntegrationTests.ProjectsApiIntegrationTests" name="Add_project_member_rejects_empty_user_identifier" />
    </UnitTest>
    <UnitTest name="IntegrationTests.PostgreSqlIntegrationTests.PostgreSql_project_invitation_acceptance_rolls_back_when_notification_fails" storage="c:\my private programs\programing\main\dotnet-react-starter\backend\integrationtests\bin\release\net9.0\integrationtests.dll" id="5b7afa9c-8545-1541-69bc-9700803f1be7">
      <Execution id="26ceabbc-62eb-4821-a54d-549474303a54" />
      <TestMethod codeBase="C:\My Private programs\Programing\MAIN\dotnet-react-starter\backend\IntegrationTests\bin\Release\net9.0\IntegrationTests.dll" adapterTypeName="executor://xunit/VsTestRunner2/netcoreapp" className="IntegrationTests.PostgreSqlIntegrationTests" name="PostgreSql_project_invitation_acceptance_rolls_back_when_notification_fails" />
    </UnitTest>
    <UnitTest name="IntegrationTests.NotificationsApiIntegrationTests.User_cannot_mark_another_users_notification_as_read" storage="c:\my private programs\programing\main\dotnet-react-starter\backend\integrationtests\bin\release\net9.0\integrationtests.dll" id="e77fd077-734a-b201-f820-9abb9555b0a5">
      <Execution id="9d9d87b0-2c0a-4057-aec0-06a407716637" />
      <TestMethod codeBase="C:\My Private programs\Programing\MAIN\dotnet-react-starter\backend\IntegrationTests\bin\Release\net9.0\IntegrationTests.dll" adapterTypeName="executor://xunit/VsTestRunner2/netcoreapp" className="IntegrationTests.NotificationsApiIntegrationTests" name="User_cannot_mark_another_users_notification_as_read" />
    </UnitTest>
[...]
INSERT INTO "Users" ("Id", "Address", "AvatarUrl", "ConcurrencyStamp", "CreatedAt", "DisplayName", "Email", "FailedLoginAttempts", "IsActive", "IsAuthenticatorEnabled", "IsEmailConfirmed", "IsTwoFactorEnabled", "LockoutEndAt", "PasswordHash", "ProtectedAuthenticatorSecret", "Role")&#xD;
VALUES (@p0, @p1, @p2, @p3, @p4, @p5, @p6, @p7, @p8, @p9, @p10, @p11, @p12, @p13, @p14, @p15);&#xD;
[2026-08-31 17:38:01 INF] [] Executed DbCommand (3ms) [Parameters=[@p0='?' (DbType = Guid), @p1='?', @p2='?' (DbType = DateTime), @p3='?', @p4='?' (DbType = Boolean), @p5='?', @p6='?' (DbType = Guid), @p7='?' (DbType = DateTime), @p8='?' (DbType = Guid), @p9='?' (DbType = DateTime), @p10='?' (DbType = Guid), @p11='?', @p12='?' (DbType = Guid), @p13='?' (DbType = Guid), @p14='?' (DbType = Guid), @p15='?', @p16='?' (DbType = DateTime), @p17='?' (DbType = Guid), @p18='?', @p19='?' (DbType = DateTime), @p20='?', @p21='?' (DbType = Guid), @p22='?', @p23='?', @p24='?' (DbType = DateTime), @p25='?' (DbType = Guid), @p26='?', @p27='?' (DbType = DateTime), @p28='?', @p29='?' (DbType = Guid), @p30='?' (DbType = Int64), @p31='?', @p32='?' (DbType = Guid), @p33='?' (DbType = Guid), @p34='?', @p35='?' (DbType = DateTime), @p36='?', @p37='?' (DbType = Guid), @p38='?' (DbType = Int64), @p39='?', @p40='?' (DbType = Guid), @p41='?' (DbType = Guid), @p42='?', @p43='?' (DbType = DateTime), @p44='?', @p45='?' (DbType = Guid), @p46='?' (DbType = Int64), @p47='?', @p48='?' (DbType = Guid)], CommandType='Text', CommandTimeout='30']&#xD;
INSERT INTO "Projects" ("Id", "ConcurrencyStamp", "CreatedAt", "Description", "IsArchived", "Name", "OwnerId", "UpdatedAt")&#xD;
VALUES (@p0, @p1, @p2, @p3, @p4, @p5, @p6, @p7);&#xD;
INSERT INTO "ProjectMembers" ("Id", "AddedAt", "ProjectId", "Role", "UserId")&#xD;
VALUES (@p8, @p9, @p10, @p11, @p12);&#xD;
INSERT INTO "ProjectTasks" ("Id", "AssignedUserId", "ConcurrencyStamp", "CreatedAt", "CreatedByUserId", "Description", "DueDate", "Priority", "ProjectId", "Status", "Title", "UpdatedAt")&#xD;
VALUES (@p13, @p14, @p15, @p16, @p17, @p18, @p19, @p20, @p21, @p22, @p23, @p24);&#xD;
INSERT INTO "ProjectTaskAttachments" ("Id", "ContentType", "CreatedAt", "OriginalFileName", "ProjectTaskId", "SizeBytes", "StoredFileName", "UploadedByUserId")&#xD;
VALUES (@p25, @p26, @p27, @p28, @p29, @p30, @p31, @p32);&#xD;
INSERT INTO "ProjectTaskAttachments" ("Id", "ContentType", "CreatedAt", "OriginalFileName", "ProjectTaskId", "SizeBytes", "StoredFileName", "UploadedByUserId")&#xD;
VALUES (@p33, @p34, @p35, @p36, @p37, @p38, @p39, @p40);&#xD;
INSERT INTO "ProjectTaskAttachments" ("Id", "ContentType", "CreatedAt", "OriginalFileName", "ProjectTaskId", "SizeBytes", "StoredFileName", "UploadedByUserId")&#xD;
VALUES (@p41, @p42, @p43, @p44, @p45, @p46, @p47, @p48);&#xD;
[2026-08-31 17:38:01 INF] [] Executed DbCommand (2ms) [Parameters=[@__taskId_0='?' (DbType = Guid)], CommandType='Text', CommandTimeout='30']&#xD;
SELECT p."ConcurrencyStamp"&#xD;
FROM "ProjectTasks" AS p&#xD;
WHERE p."Id" = @__taskId_0&#xD;
LIMIT 2&#xD;
[2026-08-31 17:38:01 INF] [] Executed DbCommand (1ms) [Parameters=[@__projectId_0='?' (DbType = Guid)], CommandType='Text', CommandTimeout='30']&#xD;
SELECT p."Id", p."ConcurrencyStamp", p."CreatedAt", p."Description", p."IsArchived", p."Name", p."OwnerId", p."UpdatedAt"&#xD;
FROM "Projects" AS p&#xD;
WHERE p."Id" = @__projectId_0 AND NOT (p."IsArchived")&#xD;
LIMIT 1&#xD;
[2026-08-31 17:38:01 INF] [] Executed DbCommand (2ms) [Parameters=[@__taskId_0='?' (DbType = Guid), @__projectId_1='?' (DbType = Guid)], CommandType='Text', CommandTimeout='30']&#xD;
SELECT p1."Id", p1."AssignedUserId", p1."ConcurrencyStamp", p1."CreatedAt", p1."CreatedByUserId", p1."Description", p1."DueDate", p1."Priority", p1."ProjectId", p1."Status", p1."Title", p1."UpdatedAt", p0."Id", p0."Name", p0."ProjectTaskId"&#xD;
FROM (&#xD;
    SELECT p."Id", p."AssignedUserId", p."ConcurrencyStamp", p."CreatedAt", p."CreatedByUserId", p."Description", p."DueDate", p."Priority", p."ProjectId", p."Status", p."Title", p."UpdatedAt"&#xD;
    FROM "ProjectTasks" AS p&#xD;
    WHERE p."Id" = @__taskId_0 AND p."ProjectId" = @__projectId_1&#xD;
    LIMIT 1&#xD;
) AS p1&#xD;
LEFT JOIN "ProjectTaskLabels" AS p0 ON p1."Id" = p0."ProjectTaskId"&#xD;
ORDER BY p1."Id"&#xD;
[2026-08-31 17:38:01 INF] [] Executed DbCommand (1ms) [Parameters=[@__projectTaskId_0='?' (DbType = Guid)], CommandType='Text', CommandTimeout='30']&#xD;
SELECT p."Id", p."ContentType", p."CreatedAt", p."OriginalFileName", p."ProjectTaskId", p."SizeBytes", p."StoredFileName", p."UploadedByUserId"&#xD;
FROM "ProjectTaskAttachments" AS p&#xD;
WHERE p."ProjectTaskId" = @__projectTaskId_0&#xD;
[2026-08-31 17:38:01 INF] [] Executed DbCommand (3ms) [Parameters=[@p0='?' (DbType = Guid), @p1='?' (DbType = Int32), @p2='?' (DbType = DateTime), @p3='?', @p4='?' (DbType = DateTime), @p5='?' (DbType = DateTime), @p6='?', @p7='?' (DbType = Guid), @p8='?' (DbType = Int32), @p9='?' (DbType = DateTime), @p10='?', @p11='?' (DbType = DateTime), @p12='?' (DbType = DateTime), @p13='?', @p14='?' (DbType = Guid), @p15='?' (DbType = Guid), @p16='?' (DbType = Guid), @p17='?' (DbType = Guid), @p18='?'], CommandType='Text', CommandTimeout='30']&#xD;
INSERT INTO "ProjectTaskAttachmentCleanupMessages" ("Id", "AttemptCount", "CreatedAt", "LastError", "NextAttemptAt", "ProcessedAt", "StoredFileName")&#xD;
VALUES (@p0, @p1, @p2, @p3, @p4, @p5, @p6);&#xD;
INSERT INTO "ProjectTaskAttachmentCleanupMessages" ("Id", "AttemptCount", "CreatedAt", "LastError", "NextAttemptAt", "ProcessedAt", "StoredFileName")&#xD;
VALUES (@p7, @p8, @p9, @p10, @p11, @p12, @p13);&#xD;
DELETE FROM "ProjectTaskAttachments"&#xD;
WHERE "Id" = @p14;&#xD;
DELETE FROM "ProjectTaskAttachments"&#xD;
WHERE "Id" = @p15;&#xD;
DELETE FROM "ProjectTaskAttachments"&#xD;
WHERE "Id" = @p16;&#xD;
DELETE FROM "ProjectTasks"&#xD;
WHERE "Id" = @p17 AND "ConcurrencyStamp" = @p18;&#xD;
[2026-08-31 17:38:01 INF] [] Executed DbCommand (2ms) [Parameters=[@__taskId_0='?' (DbType = Guid)], CommandType='Text', CommandTimeout='30']&#xD;
SELECT EXISTS (&#xD;
    SELECT 1&#xD;
    FROM "ProjectTasks" AS p&#xD;
    WHERE p."Id" = @__taskId_0)&#xD;
[2026-08-31 17:38:01 INF] [] Executed DbCommand (1ms) [Parameters=[@__taskId_0='?' (DbType = Guid)], CommandType='Text', CommandTimeout='30']&#xD;
SELECT EXISTS (&#xD;
    SELECT 1&#xD;
    FROM "ProjectTaskAttachments" AS p&#xD;
    WHERE p."ProjectTaskId" = @__taskId_0)&#xD;
[2026-08-31 17:38:01 INF] [] Executed DbCommand (2ms) [Parameters=[@__storedFileName_0='?', @__duplicateStoredFileName_1='?'], CommandType='Text', CommandTimeout='30']&#xD;
SELECT p."Id", p."AttemptCount", p."CreatedAt", p."LastError", p."NextAttemptAt", p."ProcessedAt", p."StoredFileName"&#xD;
FROM "ProjectTaskAttachmentCleanupMessages" AS p&#xD;
WHERE p."StoredFileName" = @__storedFileName_0 OR p."StoredFileName" = @__duplicateStoredFileName_1&#xD;
[2026-08-31 17:38:01 INF] [] Executed DbCommand (2ms) [Parameters=[@p0='?' (DbType = Guid), @p1='?', @p2='?', @p3='?', @p4='?' (DbType = DateTime), @p5='?', @p6='?', @p7='?' (DbType = Int32), @p8='?' (DbType = Boolean), @p9='?' (DbType = Boolean), @p10='?' (DbType = Boolean), @p11='?' (DbType = Boolean), @p12='?' (DbType = DateTime), @p13='?', @p14='?', @p15='?' (DbType = Int32)], CommandType='Text', CommandTimeout='30']&#xD;
INSERT INTO "Users" ("Id", "Address", "AvatarUrl", "ConcurrencyStamp", "CreatedAt", "DisplayName", "Email", "FailedLoginAttempts", "IsActive", "IsAuthenticatorEnabled", "IsEmailConfirmed", "IsTwoFactorEnabled", "LockoutEndAt", "PasswordHash", "ProtectedAuthenticatorSecret", "Role")&#xD;
VALUES (@p0, @p1, @p2, @p3, @p4, @p5, @p6, @p7, @p8, @p9, @p10, @p11, @p12, @p13, @p14, @p15);&#xD;
[2026-08-31 17:38:01 INF] [] Executed DbCommand (2ms) [Parameters=[], CommandType='Text', CommandTimeout='30']&#xD;
SELECT u."Id", u."Address", u."AvatarUrl", u."ConcurrencyStamp", u."CreatedAt", u."DisplayName", u."Email", u."FailedLoginAttempts", u."IsActive", u."IsAuthenticatorEnabled", u."IsEmailConfirmed", u."IsTwoFactorEnabled", u."LockoutEndAt", u."PasswordHash", u."ProtectedAuthenticatorSecret", u."Role"&#xD;
FROM "Users" AS u&#xD;
WHERE u."Email" = 'postgres-concurrent@example.com'&#xD;
LIMIT 2&#xD;
[2026-08-31 17:38:01 INF] [] Executed DbCommand (3ms) [Parameters=[@p0='?' (DbType = Guid), @p1='?', @p2='?' (DbType = DateTime), @p3='?', @p4='?' (DbType = DateTime), @p5='?' (DbType = Guid), @p6='?' (DbType = Boolean), @p7='?' (DbType = DateTime), @p8='?', @p9='?', @p10='?', @p11='?' (DbType = DateTime), @p12='?', @p13='?', @p14='?', @p15='?' (DbType = Guid), @p16='?'], CommandType='Text', CommandTimeout='30']&#xD;
INSERT INTO "RefreshTokens" ("Id", "ConcurrencyStamp", "CreatedAt", "CreatedByIp", "ExpiresAt", "FamilyId", "IsEmailConfirmed", "LastUsedAt", "LastUsedByIp", "ReplacedByTokenHash", "RevocationReason", "RevokedAt", "TokenHash", "UserDisplayName", "UserEmail", "UserId", "UserRole")&#xD;
VALUES (@p0, @p1, @p2, @p3, @p4, @p5, @p6, @p7, @p8, @p9, @p10, @p11, @p12, @p13, @p14, @p15, @p16);&#xD;
[2026-08-31 17:38:01 INF] [] Generated tokens for user 2378dfe4-4edf-4d4c-852c-1b3844880b72 (postgres-concurrent@example.com), IP: unknown&#xD;
[2026-08-31 17:38:01 INF] [] Executed DbCommand (3ms) [Parameters=[@__tokenHash_0='?'], CommandType='Text', CommandTimeout='30']&#xD;
SELECT r."Id", r."ConcurrencyStamp", r."CreatedAt", r."CreatedByIp", r."ExpiresAt", r."FamilyId", r."IsEmailConfirmed", r."LastUsedAt", r."LastUsedByIp", r."ReplacedByTokenHash", r."RevocationReason", r."RevokedAt", r."TokenHash", r."UserDisplayName", r."UserEmail", r."UserId", r."UserRole"&#xD;
FROM "RefreshTokens" AS r&#xD;
WHERE r."TokenHash" = @__tokenHash_0&#xD;
LIMIT 1&#xD;
[2026-08-31 17:38:01 INF] [] Executed DbCommand (2ms) [Parameters=[@__tokenHash_0='?'], CommandType='Text', CommandTimeout='30']&#xD;
SELECT r."Id", r."ConcurrencyStamp", r."CreatedAt", r."CreatedByIp", r."ExpiresAt", r."FamilyId", r."IsEmailConfirmed", r."LastUsedAt", r."LastUsedByIp", r."ReplacedByTokenHash", r."RevocationReason", r."RevokedAt", r."TokenHash", r."UserDisplayName", r."UserEmail", r."UserId", r."UserRole"&#xD;
FROM "RefreshTokens" AS r&#xD;
WHERE r."TokenHash" = @__tokenHash_0&#xD;
LIMIT 1&#xD;
[2026-08-31 17:38:01 INF] [] Executed DbCommand (2ms) [Parameters=[@__storedToken_UserId_0='?' (DbType = Guid)], CommandType='Text', CommandTimeout='30']&#xD;
SELECT u."Id", u."Address", u."AvatarUrl", u."ConcurrencyStamp", u."CreatedAt", u."DisplayName", u."Email", u."FailedLoginAttempts", u."IsActive", u."IsAuthenticatorEnabled", u."IsEmailConfirmed", u."IsTwoFactorEnabled", u."LockoutEndAt", u."PasswordHash", u."ProtectedAuthenticatorSecret", u."Role"&#xD;
FROM "Users" AS u&#xD;
WHERE u."Id" = @__storedToken_UserId_0&#xD;
LIMIT 1&#xD;
[2026-08-31 17:38:01 INF] [] Executed DbCommand (2ms) [Parameters=[@__storedToken_UserId_0='?' (DbType = Guid)], CommandType='Text', CommandTimeout='30']&#xD;
SELECT u."Id", u."Address", u."AvatarUrl", u."ConcurrencyStamp", u."CreatedAt", u."DisplayName", u."Email", u."FailedLoginAttempts", u."IsActive", u."IsAuthenticatorEnabled", u."IsEmailConfirmed", u."IsTwoFactorEnabled", u."LockoutEndAt", u."PasswordHash", u."ProtectedAuthenticatorSecret", u."Role"&#xD;
FROM "Users" AS u&#xD;
WHERE u."Id" = @__storedToken_UserId_0&#xD;
LIMIT 1&#xD;
[2026-08-31 17:38:01 INF] [] Executed DbCommand (2ms) [Parameters=[@p6='?' (DbType = Guid), @p0='?', @p7='?', @p1='?' (DbType = DateTime), @p2='?', @p3='?', @p4='?', @p5='?' (DbType = DateTime), @p8='?' (DbType = Guid), @p9='?', @p10='?' (DbType = DateTime), @p11='?', @p12='?' (DbType = DateTime), @p13='?' (DbType = Guid), @p14='?' (DbType = Boolean), @p15='?' (DbType = DateTime), @p16='?', @p17='?', @p18='?', @p19='?' (DbType = DateTime), @p20='?', @p21='?', @p22='?', @p23='?' (DbType = Guid), @p24='?'], CommandType='Text', CommandTimeout='30']&#xD;
UPDATE "RefreshTokens" SET "ConcurrencyStamp" = @p0, "LastUsedAt" = @p1, "LastUsedByIp" = @p2, "ReplacedByTokenHash" = @p3, "RevocationReason" = @p4, "RevokedAt" = @p5&#xD;
WHERE "Id" = @p6 AND "ConcurrencyStamp" = @p7;&#xD;
INSERT INTO "RefreshTokens" ("Id", "ConcurrencyStamp", "CreatedAt", "CreatedByIp", "ExpiresAt", "FamilyId", "IsEmailConfirmed", "LastUsedAt", "LastUsedByIp", "ReplacedByTokenHash", "RevocationReason", "RevokedAt", "TokenHash", "UserDisplayName", "UserEmail", "UserId", "UserRole")&#xD;
VALUES (@p8, @p9, @p10, @p11, @p12, @p13, @p14, @p15, @p16, @p17, @p18, @p19, @p20, @p21, @p22, @p23, @p24);&#xD;
[2026-08-31 17:38:01 INF] [] Executed DbCommand (4ms) [Parameters=[@p6='?' (DbType = Guid), @p0='?', @p7='?', @p1='?' (DbType = DateTime), @p2='?', @p3='?', @p4='?', @p5='?' (DbType = DateTime), @p8='?' (DbType = Guid), @p9='?', @p10='?' (DbType = DateTime), @p11='?', @p12='?' (DbType = DateTime), @p13='?' (DbType = Guid), @p14='?' (DbType = Boolean), @p15='?' (DbType = DateTime), @p16='?', @p17='?', @p18='?', @p19='?' (DbType = DateTime), @p20='?', @p21='?', @p22='?', @p23='?' (DbType = Guid), @p24='?'], CommandType='Text', CommandTimeout='30']&#xD;
UPDATE "RefreshTokens" SET "ConcurrencyStamp" = @p0, "LastUsedAt" = @p1, "LastUsedByIp" = @p2, "ReplacedByTokenHash" = @p3, "RevocationReason" = @p4, "RevokedAt" = @p5&#xD;
WHERE "Id" = @p6 AND "ConcurrencyStamp" = @p7;&#xD;
INSERT INTO "RefreshTokens" ("Id", "ConcurrencyStamp", "CreatedAt", "CreatedByIp", "ExpiresAt", "FamilyId", "IsEmailConfirmed", "LastUsedAt", "LastUsedByIp", "ReplacedByTokenHash", "RevocationReason", "RevokedAt", "TokenHash", "UserDisplayName", "UserEmail", "UserId", "UserRole")&#xD;
VALUES (@p8, @p9, @p10, @p11, @p12, @p13, @p14, @p15, @p16, @p17, @p18, @p19, @p20, @p21, @p22, @p23, @p24);&#xD;
[2026-08-31 17:38:01 INF] [] Executed DbCommand (2ms) [Parameters=[@__tokenHash_0='?'], CommandType='Text', CommandTimeout='30']&#xD;
SELECT r."Id", r."ConcurrencyStamp", r."CreatedAt", r."CreatedByIp", r."ExpiresAt", r."FamilyId", r."IsEmailConfirmed", r."LastUsedAt", r."LastUsedByIp", r."ReplacedByTokenHash", r."RevocationReason", r."RevokedAt", r."TokenHash", r."UserDisplayName", r."UserEmail", r."UserId", r."UserRole"&#xD;
FROM "RefreshTokens" AS r&#xD;
WHERE r."TokenHash" = @__tokenHash_0&#xD;
LIMIT 1&#xD;
[2026-08-31 17:38:01 INF] [] Executed DbCommand (2ms) [Parameters=[@__familyId_Value_0='?' (DbType = Guid)], CommandType='Text', CommandTimeout='30']&#xD;
SELECT r."Id", r."ConcurrencyStamp", r."CreatedAt", r."CreatedByIp", r."ExpiresAt", r."FamilyId", r."IsEmailConfirmed", r."LastUsedAt", r."LastUsedByIp", r."ReplacedByTokenHash", r."RevocationReason", r."RevokedAt", r."TokenHash", r."UserDisplayName", r."UserEmail", r."UserId", r."UserRole"&#xD;
FROM "RefreshTokens" AS r&#xD;
WHERE r."FamilyId" = @__familyId_Value_0 AND r."RevokedAt" IS NULL&#xD;
[2026-08-31 17:38:01 INF] [] Executed DbCommand (2ms) [Parameters=[@p3='?' (DbType = Guid), @p0='?', @p4='?', @p1='?', @p2='?' (DbType = DateTime)], CommandType='Text', CommandTimeout='30']&#xD;
UPDATE "RefreshTokens" SET "ConcurrencyStamp" = @p0, "RevocationReason" = @p1, "RevokedAt" = @p2&#xD;
WHERE "Id" = @p3 AND "ConcurrencyStamp" = @p4;&#xD;
[2026-08-31 17:38:01 WRN] [] Concurrent refresh rejected for user 2378dfe4-4edf-4d4c-852c-1b3844880b72&#xD;
[2026-08-31 17:38:01 INF] [] Executed DbCommand (1ms) [Parameters=[], CommandType='Text', CommandTimeout='30']&#xD;
SELECT r."Id", r."ConcurrencyStamp", r."CreatedAt", r."CreatedByIp", r."ExpiresAt", r."FamilyId", r."IsEmailConfirmed", r."LastUsedAt", r."LastUsedByIp", r."ReplacedByTokenHash", r."RevocationReason", r."RevokedAt", r."TokenHash", r."UserDisplayName", r."UserEmail", r."UserId", r."UserRole"&#xD;
FROM "RefreshTokens" AS r&#xD;
[2026-08-31 17:38:01 INF] [] Executed DbCommand (1ms) [Parameters=[@p0='?' (DbType = Guid), @p1='?', @p2='?', @p3='?', @p4='?' (DbType = DateTime), @p5='?', @p6='?', @p7='?' (DbType = Int32), @p8='?' (DbType = Boolean), @p9='?' (DbType = Boolean), @p10='?' (DbType = Boolean), @p11='?' (DbType = Boolean), @p12='?' (DbType = DateTime), @p13='?', @p14='?', @p15='?' (DbType = Int32)], CommandType='Text', CommandTimeout='30']&#xD;
INSERT INTO "Users" ("Id", "Address", "AvatarUrl", "ConcurrencyStamp", "CreatedAt", "DisplayName", "Email", "FailedLoginAttempts", "IsActive", "IsAuthenticatorEnabled", "IsEmailConfirmed", "IsTwoFactorEnabled", "LockoutEndAt", "PasswordHash", "ProtectedAuthenticatorSecret", "Role")&#xD;
VALUES (@p0, @p1, @p2, @p3, @p4, @p5, @p6, @p7, @p8, @p9, @p10, @p11, @p12, @p13, @p14, @p15);&#xD;
[2026-08-31 17:38:01 INF] [] Executed DbCommand (2ms) [Parameters=[@p0='?' (DbType = Guid), @p1='?', @p2='?' (DbType = DateTime), @p3='?', @p4='?' (DbType = Boolean), @p5='?', @p6='?' (DbType = Guid), @p7='?' (DbType = DateTime), @p8='?' (DbType = Guid), @p9='?' (DbType = DateTime), @p10='?' (DbType = Guid), @p11='?', @p12='?' (DbType = Guid)], CommandType='Text', CommandTimeout='30']&#xD;
INSERT INTO "Projects" ("Id", "ConcurrencyStamp", "CreatedAt", "Description", "IsArchived", "Name", "OwnerId", "UpdatedAt")&#xD;
VALUES (@p0, @p1, @p2, @p3, @p4, @p5, @p6, @p7);&#xD;
INSERT INTO "ProjectMembers" ("Id", "AddedAt", "ProjectId", "Role", "UserId")&#xD;
VALUES (@p8, @p9, @p10, @p11, @p12);&#xD;
[2026-08-31 17:38:01 INF] [] Executed DbCommand (2ms) [Parameters=[@__projectId_0='?' (DbType = Guid)], CommandType='Text', CommandTimeout='30']&#xD;
SELECT p."Id", p."ConcurrencyStamp", p."CreatedAt", p."Description", p."IsArchived", p."Name", p."OwnerId", p."UpdatedAt"&#xD;
FROM "Projects" AS p&#xD;
WHERE p."Id" = @__projectId_0&#xD;
LIMIT 2&#xD;
[2026-08-31 17:38:01 INF] [] Executed DbCommand (1ms) [Parameters=[@__projectId_0='?' (DbType = Guid)], CommandType='Text', CommandTimeout='30']&#xD;
SELECT p."Id", p."ConcurrencyStamp", p."CreatedAt", p."Description", p."IsArchived", p."Name", p."OwnerId", p."UpdatedAt"&#xD;
FROM "Projects" AS p&#xD;
WHERE p."Id" = @__projectId_0&#xD;
LIMIT 2&#xD;
[2026-08-31 17:38:01 INF] [] Executed DbCommand (1ms) [Parameters=[@p3='?' (DbType = Guid), @p0='?', @p4='?', @p1='?', @p2='?' (DbType = DateTime)], CommandType='Text', CommandTimeout='30']&#xD;
UPDATE "Projects" SET "ConcurrencyStamp" = @p0, "Name" = @p1, "UpdatedAt" = @p2&#xD;
WHERE "Id" = @p3 AND "ConcurrencyStamp" = @p4;&#xD;
[2026-08-31 17:38:01 INF] [] Executed DbCommand (2ms) [Parameters=[@__projectId_0='?' (DbType = Guid), @__ownerId_1='?' (DbType = Guid)], CommandType='Text', CommandTimeout='30']&#xD;
SELECT p."Id", p."ConcurrencyStamp", p."CreatedAt", p."Description", p."IsArchived", p."Name", p."OwnerId", p."UpdatedAt"&#xD;
FROM "Projects" AS p&#xD;
WHERE p."Id" = @__projectId_0 AND p."OwnerId" = @__ownerId_1&#xD;
LIMIT 1&#xD;
[2026-08-31 17:38:01 INF] [] Executed DbCommand (1ms) [Parameters=[@p3='?' (DbType = Guid), @p0='?', @p4='?', @p1='?', @p2='?' (DbType = DateTime)], CommandType='Text', CommandTimeout='30']&#xD;
UPDATE "Projects" SET "ConcurrencyStamp" = @p0, "Name" = @p1, "UpdatedAt" = @p2&#xD;
WHERE "Id" = @p3 AND "ConcurrencyStamp" = @p4;&#xD;
[2026-08-31 17:38:01 INF] [] Executed DbCommand (2ms) [Parameters=[@__projectId_0='?' (DbType = Guid)], CommandType='Text', CommandTimeout='30']&#xD;
SELECT p."Id", p."ConcurrencyStamp", p."CreatedAt", p."Description", p."IsArchived", p."Name", p."OwnerId", p."UpdatedAt"&#xD;
FROM "Projects" AS p&#xD;
WHERE p."Id" = @__projectId_0&#xD;
LIMIT 2&#xD;
[2026-08-31 17:38:01 INF] [] ?? Application shutting down...&#xD;
[testcontainers.org 00:00:05.97] Delete Docker container abe5327bb177&#xD;
[2026-08-31 17:38:01 INF] [] Prepared notification email 'You joined a project' for notifications.preference-second@example.com (Second Member): You were added to the project 'Preference project'.&#xD;
[2026-08-31 17:38:01 INF] [] Prepared notification email 'You joined a project' for activity.member@example.com (Activity Member): You were added to the project 'Activity project'.&#xD;
[xUnit.net 00:00:16.47]   Finished:    IntegrationTests&#xD;
</StdOut>
    </Output>
  </ResultSummary>
</TestRun>